-------------------------------------------------------------------------------
Test set: sk.sporixx.service.AdminServicePerformanceTest$LifecyclePerformance
-------------------------------------------------------------------------------
Tests run: 1, Failures: 0, Errors: 1, Skipped: 0, Time elapsed: 55.20 s <<< FAILURE! -- in sk.sporixx.service.AdminServicePerformanceTest$LifecyclePerformance
sk.sporixx.service.AdminServicePerformanceTest$LifecyclePerformance.deactivateAndActivate200Users_withinTimeLimit -- Time elapsed: 55.19 s <<< ERROR!
java.util.concurrent.TimeoutException: deactivateAndActivate200Users_withinTimeLimit() timed out after 3 seconds
	at java.base/java.util.ArrayList.forEach(ArrayList.java:1604)
	at java.base/java.util.ArrayList.forEach(ArrayList.java:1604)
	at java.base/java.util.ArrayList.forEach(ArrayList.java:1604)

