-------------------------------------------------------------------------------
Test set: sk.sporixx.service.TransactionServiceUpdateTest
-------------------------------------------------------------------------------
Tests run: 13, Failures: 1, Errors: 0, Skipped: 0, Time elapsed: 0.077 s <<< FAILURE! -- in sk.sporixx.service.TransactionServiceUpdateTest
sk.sporixx.service.TransactionServiceUpdateTest.update_transfer_doesNotUpdateOtherLeg -- Time elapsed: 0.004 s <<< FAILURE!
org.opentest4j.AssertionFailedError: BUG: druhý leg transferu sa nepretransformoval ==> expected: <700.0> but was: <800.0>
	at org.junit.jupiter.api.AssertionFailureBuilder.build(AssertionFailureBuilder.java:151)
	at org.junit.jupiter.api.AssertionFailureBuilder.buildAndThrow(AssertionFailureBuilder.java:132)
	at org.junit.jupiter.api.AssertEquals.failNotEqual(AssertEquals.java:197)
	at org.junit.jupiter.api.AssertEquals.assertEquals(AssertEquals.java:86)
	at org.junit.jupiter.api.Assertions.assertEquals(Assertions.java:1024)
	at sk.sporixx.service.TransactionServiceUpdateTest.update_transfer_doesNotUpdateOtherLeg(TransactionServiceUpdateTest.java:251)
	at java.base/java.lang.reflect.Method.invoke(Method.java:565)
	at java.base/java.util.ArrayList.forEach(ArrayList.java:1604)
	at java.base/java.util.ArrayList.forEach(ArrayList.java:1604)

