-------------------------------------------------------------------------------
Test set: sk.sporixx.service.AdminServicePerformanceTest$GetAllUsersPerformance
-------------------------------------------------------------------------------
Tests run: 2, Failures: 0, Errors: 1, Skipped: 0, Time elapsed: 137.8 s <<< FAILURE! -- in sk.sporixx.service.AdminServicePerformanceTest$GetAllUsersPerformance
sk.sporixx.service.AdminServicePerformanceTest$GetAllUsersPerformance.with500Users_withinTimeLimit -- Time elapsed: 136.9 s <<< ERROR!
java.util.concurrent.TimeoutException: with500Users_withinTimeLimit() timed out after 2 seconds
	at java.base/java.util.ArrayList.forEach(ArrayList.java:1604)
	at java.base/java.util.ArrayList.forEach(ArrayList.java:1604)
	at java.base/java.util.ArrayList.forEach(ArrayList.java:1604)

