-------------------------------------------------------------------------------
Test set: sk.sporixx.service.AdminServicePerformanceTest$ChangePasswordPerformance
-------------------------------------------------------------------------------
Tests run: 1, Failures: 0, Errors: 1, Skipped: 0, Time elapsed: 82.24 s <<< FAILURE! -- in sk.sporixx.service.AdminServicePerformanceTest$ChangePasswordPerformance
sk.sporixx.service.AdminServicePerformanceTest$ChangePasswordPerformance.changePassword100x_withinTimeLimit -- Time elapsed: 82.24 s <<< ERROR!
java.util.concurrent.TimeoutException: changePassword100x_withinTimeLimit() timed out after 3 seconds
	at java.base/java.util.ArrayList.forEach(ArrayList.java:1604)
	at java.base/java.util.ArrayList.forEach(ArrayList.java:1604)
	at java.base/java.util.ArrayList.forEach(ArrayList.java:1604)

