-------------------------------------------------------------------------------
Test set: sk.sporixx.service.TransactionServiceAddTest
-------------------------------------------------------------------------------
Tests run: 21, Failures: 2, Errors: 0, Skipped: 0, Time elapsed: 0.023 s <<< FAILURE! -- in sk.sporixx.service.TransactionServiceAddTest
sk.sporixx.service.TransactionServiceAddTest.transfer_selfTransfer_allowedButNonsensical -- Time elapsed: 0.004 s <<< FAILURE!
org.opentest4j.AssertionFailedError: expected: <1000.0> but was: <1100.0>
	at org.junit.jupiter.api.AssertionFailureBuilder.build(AssertionFailureBuilder.java:151)
	at org.junit.jupiter.api.AssertionFailureBuilder.buildAndThrow(AssertionFailureBuilder.java:132)
	at org.junit.jupiter.api.AssertEquals.failNotEqual(AssertEquals.java:197)
	at org.junit.jupiter.api.AssertEquals.assertEquals(AssertEquals.java:86)
	at org.junit.jupiter.api.AssertEquals.assertEquals(AssertEquals.java:81)
	at org.junit.jupiter.api.Assertions.assertEquals(Assertions.java:1014)
	at sk.sporixx.service.TransactionServiceAddTest.transfer_selfTransfer_allowedButNonsensical(TransactionServiceAddTest.java:180)
	at java.base/java.lang.reflect.Method.invoke(Method.java:565)
	at java.base/java.util.ArrayList.forEach(ArrayList.java:1604)
	at java.base/java.util.ArrayList.forEach(ArrayList.java:1604)

sk.sporixx.service.TransactionServiceAddTest.transfer_mainToEmergency_noAutoCategory -- Time elapsed: 0.002 s <<< FAILURE!
org.opentest4j.AssertionFailedError: transfer bez saving účtu nemá auto-kategóriu ==> expected: <null> but was: <9>
	at org.junit.jupiter.api.AssertionFailureBuilder.build(AssertionFailureBuilder.java:151)
	at org.junit.jupiter.api.AssertionFailureBuilder.buildAndThrow(AssertionFailureBuilder.java:132)
	at org.junit.jupiter.api.AssertNull.failNotNull(AssertNull.java:50)
	at org.junit.jupiter.api.AssertNull.assertNull(AssertNull.java:35)
	at org.junit.jupiter.api.Assertions.assertNull(Assertions.java:287)
	at sk.sporixx.service.TransactionServiceAddTest.transfer_mainToEmergency_noAutoCategory(TransactionServiceAddTest.java:157)
	at java.base/java.lang.reflect.Method.invoke(Method.java:565)
	at java.base/java.util.ArrayList.forEach(ArrayList.java:1604)
	at java.base/java.util.ArrayList.forEach(ArrayList.java:1604)

