-------------------------------------------------------------------------------
Test set: sk.sporixx.service.AdminServicePerformanceTest$UpdateUserPerformance
-------------------------------------------------------------------------------
Tests run: 1, Failures: 0, Errors: 1, Skipped: 0, Time elapsed: 84.63 s <<< FAILURE! -- in sk.sporixx.service.AdminServicePerformanceTest$UpdateUserPerformance
sk.sporixx.service.AdminServicePerformanceTest$UpdateUserPerformance.update300Users_withinTimeLimit -- Time elapsed: 84.63 s <<< ERROR!
java.util.concurrent.TimeoutException: update300Users_withinTimeLimit() timed out after 2 seconds
	at java.base/java.util.ArrayList.forEach(ArrayList.java:1604)
	at java.base/java.util.ArrayList.forEach(ArrayList.java:1604)
	at java.base/java.util.ArrayList.forEach(ArrayList.java:1604)
	Suppressed: sk.sporixx.service.ProfileException: auth.error.invalid_last_name
		at sk.sporixx.service.UserValidationSupport.validateIdentity(UserValidationSupport.java:34)
		at sk.sporixx.service.AdminServiceImpl.validateIdentityFields(AdminServiceImpl.java:193)
		at sk.sporixx.service.AdminServiceImpl.updateUser(AdminServiceImpl.java:72)
		at sk.sporixx.service.AdminServicePerformanceTest$UpdateUserPerformance.update300Users_withinTimeLimit(AdminServicePerformanceTest.java:75)
		at java.base/java.lang.reflect.Method.invoke(Method.java:565)
		... 3 more

