-------------------------------------------------------------------------------
Test set: sk.sporixx.service.TransactionServiceDeleteTest
-------------------------------------------------------------------------------
Tests run: 9, Failures: 1, Errors: 0, Skipped: 0, Time elapsed: 0.004 s <<< FAILURE! -- in sk.sporixx.service.TransactionServiceDeleteTest
sk.sporixx.service.TransactionServiceDeleteTest.delete_transferLeg_leavesOtherIntact -- Time elapsed: 0.001 s <<< FAILURE!
org.opentest4j.AssertionFailedError: BUG: druhy leg transferu zostal a saving má 'umelých' 200 € ==> expected: <700.0> but was: <500.0>
	at org.junit.jupiter.api.AssertionFailureBuilder.build(AssertionFailureBuilder.java:151)
	at org.junit.jupiter.api.AssertionFailureBuilder.buildAndThrow(AssertionFailureBuilder.java:132)
	at org.junit.jupiter.api.AssertEquals.failNotEqual(AssertEquals.java:197)
	at org.junit.jupiter.api.AssertEquals.assertEquals(AssertEquals.java:86)
	at org.junit.jupiter.api.Assertions.assertEquals(Assertions.java:1024)
	at sk.sporixx.service.TransactionServiceDeleteTest.delete_transferLeg_leavesOtherIntact(TransactionServiceDeleteTest.java:127)
	at java.base/java.lang.reflect.Method.invoke(Method.java:565)
	at java.base/java.util.ArrayList.forEach(ArrayList.java:1604)
	at java.base/java.util.ArrayList.forEach(ArrayList.java:1604)

