<?xml version="1.0" encoding="UTF-8"?>
<testsuite xmlns:xsi="http://www.w3.org/2001/XMLSchema-instance" xsi:noNamespaceSchemaLocation="https://maven.apache.org/surefire/maven-surefire-plugin/xsd/surefire-test-report-3.0.xsd" version="3.0" name="sk.sporixx.service.ExportServiceIncomeExpenseTest" time="0.044" tests="15" errors="0" skipped="0" failures="0">
  <properties>
[...]
</properties>
  <testcase name="totalsElement_zeroValues" classname="sk.sporixx.service.ExportServiceIncomeExpenseTest" time="0.005">
    <system-out><![CDATA[18:59:12.801 [main] INFO sk.sporixx.service.ExportServiceImpl -- Exporting income/expense report for period: ONE_MONTH to /var/folders/9k/w4j9tsy17mv65xsssnrn5_jw0000gn/T/export-test-18304028912278198631.xml
18:59:12.802 [main] INFO sk.sporixx.service.ExportServiceImpl -- Income/expense report exported successfully to /var/folders/9k/w4j9tsy17mv65xsssnrn5_jw0000gn/T/export-test-18304028912278198631.xml
]]></system-out>
  </testcase>
  <testcase name="groupByMonth_forLongerPeriods" classname="sk.sporixx.service.ExportServiceIncomeExpenseTest" time="0.004">
    <system-out><![CDATA[18:59:12.804 [main] INFO sk.sporixx.service.ExportServiceImpl -- Exporting income/expense report for period: TWELVE_MONTHS to /var/folders/9k/w4j9tsy17mv65xsssnrn5_jw0000gn/T/export-test-3874713769437643698.xml
18:59:12.806 [main] INFO sk.sporixx.service.ExportServiceImpl -- Income/expense report exported successfully to /var/folders/9k/w4j9tsy17mv65xsssnrn5_jw0000gn/T/export-test-3874713769437643698.xml
]]></system-out>
  </testcase>
  <testcase name="groupByDay_forWeekAndMonth" classname="sk.sporixx.service.ExportServiceIncomeExpenseTest" time="0.004">
    <system-out><![CDATA[18:59:12.809 [main] INFO sk.sporixx.service.ExportServiceImpl -- Exporting income/expense report for period: ONE_WEEK to /var/folders/9k/w4j9tsy17mv65xsssnrn5_jw0000gn/T/export-test-4982230479160461204.xml
18:59:12.810 [main] INFO sk.sporixx.service.ExportServiceImpl -- Income/expense report exported successfully to /var/folders/9k/w4j9tsy17mv65xsssnrn5_jw0000gn/T/export-test-4982230479160461204.xml
]]></system-out>
  </testcase>
  <testcase name="exportCreatesFile" classname="sk.sporixx.service.ExportServiceIncomeExpenseTest" time="0.002">
    <system-out><![CDATA[18:59:12.813 [main] INFO sk.sporixx.service.ExportServiceImpl -- Exporting income/expense report for period: ONE_MONTH to /var/folders/9k/w4j9tsy17mv65xsssnrn5_jw0000gn/T/export-test-10201139117910231366.xml
18:59:12.813 [main] INFO sk.sporixx.service.ExportServiceImpl -- Income/expense report exported successfully to /var/folders/9k/w4j9tsy17mv65xsssnrn5_jw0000gn/T/export-test-10201139117910231366.xml
]]></system-out>
  </testcase>
  <testcase name="reportsServiceException_throwsExportException" classname="sk.sporixx.service.ExportServiceIncomeExpenseTest" time="0.001">
    <system-out><![CDATA[18:59:12.815 [main] INFO sk.sporixx.service.ExportServiceImpl -- Exporting income/expense report for period: ONE_MONTH to /var/folders/9k/w4j9tsy17mv65xsssnrn5_jw0000gn/T/export-test-8977777463747541485.xml
18:59:12.815 [main] ERROR sk.sporixx.service.ExportServiceImpl -- Failed to export income/expense report
java.lang.RuntimeException: Simulated DB error
	at sk.sporixx.service.ExportServiceIncomeExpenseTest$FakeReportsService.loadIncomeExpenseData(ExportServiceIncomeExpenseTest.java:272)
	at sk.sporixx.service.ExportServiceImpl.exportIncomeExpenseToXml(ExportServiceImpl.java:50)
	at sk.sporixx.service.ExportServiceIncomeExpenseTest.lambda$reportsServiceException_throwsExportException$0(ExportServiceIncomeExpenseTest.java:223)
	at org.junit.jupiter.api.AssertThrows.assertThrows(AssertThrows.java:53)
	at org.junit.jupiter.api.AssertThrows.assertThrows(AssertThrows.java:35)
	at org.junit.jupiter.api.Assertions.assertThrows(Assertions.java:3128)
	at sk.sporixx.service.ExportServiceIncomeExpenseTest.reportsServiceException_throwsExportException(ExportServiceIncomeExpenseTest.java:222)
	at java.base/jdk.internal.reflect.DirectMethodHandleAccessor.invoke(DirectMethodHandleAccessor.java:104)
	at java.base/java.lang.reflect.Method.invoke(Method.java:565)
	at org.junit.platform.commons.util.ReflectionUtils.invokeMethod(ReflectionUtils.java:767)
	at org.junit.jupiter.engine.execution.MethodInvocation.proceed(MethodInvocation.java:60)
	at org.junit.jupiter.engine.execution.InvocationInterceptorChain$ValidatingInvocation.proceed(InvocationInterceptorChain.java:131)
	at org.junit.jupiter.engine.extension.TimeoutExtension.intercept(TimeoutExtension.java:156)
	at org.junit.jupiter.engine.extension.TimeoutExtension.interceptTestableMethod(TimeoutExtension.java:147)
	at org.junit.jupiter.engine.extension.TimeoutExtension.interceptTestMethod(TimeoutExtension.java:86)
	at org.junit.jupiter.engine.execution.InterceptingExecutableInvoker$ReflectiveInterceptorCall.lambda$ofVoidMethod$0(InterceptingExecutableInvoker.java:103)
	at org.junit.jupiter.engine.execution.InterceptingExecutableInvoker.lambda$invoke$0(InterceptingExecutableInvoker.java:93)
	at org.junit.jupiter.engine.execution.InvocationInterceptorChain$InterceptedInvocation.proceed(InvocationInterceptorChain.java:106)
	at org.junit.jupiter.engine.execution.InvocationInterceptorChain.proceed(InvocationInterceptorChain.java:64)
	at org.junit.jupiter.engine.execution.InvocationInterceptorChain.chainAndInvoke(InvocationInterceptorChain.java:45)
	at org.junit.jupiter.engine.execution.InvocationInterceptorChain.invoke(InvocationInterceptorChain.java:37)
	at org.junit.jupiter.engine.execution.InterceptingExecutableInvoker.invoke(InterceptingExecutableInvoker.java:92)
	at org.junit.jupiter.engine.execution.InterceptingExecutableInvoker.invoke(InterceptingExecutableInvoker.java:86)
	at org.junit.jupiter.engine.descriptor.TestMethodTestDescriptor.lambda$invokeTestMethod$8(TestMethodTestDescriptor.java:217)
	at org.junit.platform.engine.support.hierarchical.ThrowableCollector.execute(ThrowableCollector.java:73)
	at org.junit.jupiter.engine.descriptor.TestMethodTestDescriptor.invokeTestMethod(TestMethodTestDescriptor.java:213)
	at org.junit.jupiter.engine.descriptor.TestMethodTestDescriptor.execute(TestMethodTestDescriptor.java:138)
	at org.junit.jupiter.engine.descriptor.TestMethodTestDescriptor.execute(TestMethodTestDescriptor.java:68)
	at org.junit.platform.engine.support.hierarchical.NodeTestTask.lambda$executeRecursively$6(NodeTestTask.java:156)
	at org.junit.platform.engine.support.hierarchical.ThrowableCollector.execute(ThrowableCollector.java:73)
	at org.junit.platform.engine.support.hierarchical.NodeTestTask.lambda$executeRecursively$8(NodeTestTask.java:146)
	at org.junit.platform.engine.support.hierarchical.Node.around(Node.java:137)
	at org.junit.platform.engine.support.hierarchical.NodeTestTask.lambda$executeRecursively$9(NodeTestTask.java:144)
	at org.junit.platform.engine.support.hierarchical.ThrowableCollector.execute(ThrowableCollector.java:73)
	at org.junit.platform.engine.support.hierarchical.NodeTestTask.executeRecursively(NodeTestTask.java:143)
	at org.junit.platform.engine.support.hierarchical.NodeTestTask.execute(NodeTestTask.java:100)
	at java.base/java.util.ArrayList.forEach(ArrayList.java:1604)
	at org.junit.platform.engine.support.hierarchical.SameThreadHierarchicalTestExecutorService.invokeAll(SameThreadHierarchicalTestExecutorService.java:41)
	at org.junit.platform.engine.support.hierarchical.NodeTestTask.lambda$executeRecursively$6(NodeTestTask.java:160)
	at org.junit.platform.engine.support.hierarchical.ThrowableCollector.execute(ThrowableCollector.java:73)
	at org.junit.platform.engine.support.hierarchical.NodeTestTask.lambda$executeRecursively$8(NodeTestTask.java:146)
	at org.junit.platform.engine.support.hierarchical.Node.around(Node.java:137)
	at org.junit.platform.engine.support.hierarchical.NodeTestTask.lambda$executeRecursively$9(NodeTestTask.java:144)
	at org.junit.platform.engine.support.hierarchical.ThrowableCollector.execute(ThrowableCollector.java:73)
	at org.junit.platform.engine.support.hierarchical.NodeTestTask.executeRecursively(NodeTestTask.java:143)
	at org.junit.platform.engine.support.hierarchical.NodeTestTask.execute(NodeTestTask.java:100)
	at java.base/java.util.ArrayList.forEach(ArrayList.java:1604)
	at org.junit.platform.engine.support.hierarchical.SameThreadHierarchicalTestExecutorService.invokeAll(SameThreadHierarchicalTestExecutorService.java:41)
	at org.junit.platform.engine.support.hierarchical.NodeTestTask.lambda$executeRecursively$6(NodeTestTask.java:160)
	at org.junit.platform.engine.support.hierarchical.ThrowableCollector.execute(ThrowableCollector.java:73)
	at org.junit.platform.engine.support.hierarchical.NodeTestTask.lambda$executeRecursively$8(NodeTestTask.java:146)
	at org.junit.platform.engine.support.hierarchical.Node.around(Node.java:137)
	at org.junit.platform.engine.support.hierarchical.NodeTestTask.lambda$executeRecursively$9(NodeTestTask.java:144)
	at org.junit.platform.engine.support.hierarchical.ThrowableCollector.execute(ThrowableCollector.java:73)
	at org.junit.platform.engine.support.hierarchical.NodeTestTask.executeRecursively(NodeTestTask.java:143)
	at org.junit.platform.engine.support.hierarchical.NodeTestTask.execute(NodeTestTask.java:100)
	at org.junit.platform.engine.support.hierarchical.SameThreadHierarchicalTestExecutorService.submit(SameThreadHierarchicalTestExecutorService.java:35)
	at org.junit.platform.engine.support.hierarchical.HierarchicalTestExecutor.execute(HierarchicalTestExecutor.java:57)
	at org.junit.platform.engine.support.hierarchical.HierarchicalTestEngine.execute(HierarchicalTestEngine.java:54)
	at org.junit.platform.launcher.core.EngineExecutionOrchestrator.execute(EngineExecutionOrchestrator.java:198)
	at org.junit.platform.launcher.core.EngineExecutionOrchestrator.execute(EngineExecutionOrchestrator.java:169)
	at org.junit.platform.launcher.core.EngineExecutionOrchestrator.execute(EngineExecutionOrchestrator.java:93)
	at org.junit.platform.launcher.core.EngineExecutionOrchestrator.lambda$execute$0(EngineExecutionOrchestrator.java:58)
	at org.junit.platform.launcher.core.EngineExecutionOrchestrator.withInterceptedStreams(EngineExecutionOrchestrator.java:141)
	at org.junit.platform.launcher.core.EngineExecutionOrchestrator.execute(EngineExecutionOrchestrator.java:57)
	at org.junit.platform.launcher.core.DefaultLauncher.execute(DefaultLauncher.java:103)
	at org.junit.platform.launcher.core.DefaultLauncher.execute(DefaultLauncher.java:85)
	at org.junit.platform.launcher.core.DelegatingLauncher.execute(DelegatingLauncher.java:47)
	at org.apache.maven.surefire.junitplatform.LazyLauncher.execute(LazyLauncher.java:56)
	at org.apache.maven.surefire.junitplatform.JUnitPlatformProvider.execute(JUnitPlatformProvider.java:184)
	at org.apache.maven.surefire.junitplatform.JUnitPlatformProvider.invokeAllTests(JUnitPlatformProvider.java:148)
	at org.apache.maven.surefire.junitplatform.JUnitPlatformProvider.invoke(JUnitPlatformProvider.java:122)
	at org.apache.maven.surefire.booter.ForkedBooter.runSuitesInProcess(ForkedBooter.java:385)
	at org.apache.maven.surefire.booter.ForkedBooter.execute(ForkedBooter.java:162)
	at org.apache.maven.surefire.booter.ForkedBooter.run(ForkedBooter.java:507)
	at org.apache.maven.surefire.booter.ForkedBooter.main(ForkedBooter.java:495)
]]></system-out>
  </testcase>
  <testcase name="emptyMaps_noEntries" classname="sk.sporixx.service.ExportServiceIncomeExpenseTest" time="0.004">
    <system-out><![CDATA[18:59:12.817 [main] INFO sk.sporixx.service.ExportServiceImpl -- Exporting income/expense report for period: ONE_MONTH to /var/folders/9k/w4j9tsy17mv65xsssnrn5_jw0000gn/T/export-test-15405401283750186226.xml
18:59:12.819 [main] INFO sk.sporixx.service.ExportServiceImpl -- Income/expense report exported successfully to /var/folders/9k/w4j9tsy17mv65xsssnrn5_jw0000gn/T/export-test-15405401283750186226.xml
]]></system-out>
  </testcase>
  <testcase name="periodIncome_correctEntryCount" classname="sk.sporixx.service.ExportServiceIncomeExpenseTest" time="0.002">
    <system-out><![CDATA[18:59:12.820 [main] INFO sk.sporixx.service.ExportServiceImpl -- Exporting income/expense report for period: SIX_MONTHS to /var/folders/9k/w4j9tsy17mv65xsssnrn5_jw0000gn/T/export-test-7811441896572850789.xml
18:59:12.821 [main] INFO sk.sporixx.service.ExportServiceImpl -- Income/expense report exported successfully to /var/folders/9k/w4j9tsy17mv65xsssnrn5_jw0000gn/T/export-test-7811441896572850789.xml
]]></system-out>
  </testcase>
  <testcase name="nullPath_throwsExportException" classname="sk.sporixx.service.ExportServiceIncomeExpenseTest" time="0.002">
    <system-out><![CDATA[18:59:12.823 [main] INFO sk.sporixx.service.ExportServiceImpl -- Exporting income/expense report for period: ONE_MONTH to null
]]></system-out>
  </testcase>
  <testcase name="totalsElement_correctValues" classname="sk.sporixx.service.ExportServiceIncomeExpenseTest" time="0.003">
    <system-out><![CDATA[18:59:12.825 [main] INFO sk.sporixx.service.ExportServiceImpl -- Exporting income/expense report for period: ONE_MONTH to /var/folders/9k/w4j9tsy17mv65xsssnrn5_jw0000gn/T/export-test-641575984065809877.xml
18:59:12.826 [main] INFO sk.sporixx.service.ExportServiceImpl -- Income/expense report exported successfully to /var/folders/9k/w4j9tsy17mv65xsssnrn5_jw0000gn/T/export-test-641575984065809877.xml
]]></system-out>
  </testcase>
  <testcase name="rootHasPeriodAttribute" classname="sk.sporixx.service.ExportServiceIncomeExpenseTest" time="0.002">
    <system-out><![CDATA[18:59:12.828 [main] INFO sk.sporixx.service.ExportServiceImpl -- Exporting income/expense report for period: SIX_MONTHS to /var/folders/9k/w4j9tsy17mv65xsssnrn5_jw0000gn/T/export-test-13845837820098754162.xml
18:59:12.829 [main] INFO sk.sporixx.service.ExportServiceImpl -- Income/expense report exported successfully to /var/folders/9k/w4j9tsy17mv65xsssnrn5_jw0000gn/T/export-test-13845837820098754162.xml
]]></system-out>
  </testcase>
  <testcase name="periodExpense_entryAttributes" classname="sk.sporixx.service.ExportServiceIncomeExpenseTest" time="0.003">
    <system-out><![CDATA[18:59:12.831 [main] INFO sk.sporixx.service.ExportServiceImpl -- Exporting income/expense report for period: ONE_MONTH to /var/folders/9k/w4j9tsy17mv65xsssnrn5_jw0000gn/T/export-test-12688527563204148799.xml
18:59:12.832 [main] INFO sk.sporixx.service.ExportServiceImpl -- Income/expense report exported successfully to /var/folders/9k/w4j9tsy17mv65xsssnrn5_jw0000gn/T/export-test-12688527563204148799.xml
]]></system-out>
  </testcase>
  <testcase name="invalidDirectory_throwsExportException" classname="sk.sporixx.service.ExportServiceIncomeExpenseTest" time="0.001">
    <system-out><![CDATA[18:59:12.833 [main] INFO sk.sporixx.service.ExportServiceImpl -- Exporting income/expense report for period: ONE_MONTH to /neexistujuci/adresar/export.xml
18:59:12.834 [main] ERROR sk.sporixx.service.ExportServiceImpl -- Failed to export income/expense report
javax.xml.transform.TransformerException: java.io.FileNotFoundException: /neexistujuci/adresar/export.xml (No such file or directory)
	at java.xml/com.sun.org.apache.xalan.internal.xsltc.trax.TransformerImpl.getOutputHandler(TransformerImpl.java:520)
	at java.xml/com.sun.org.apache.xalan.internal.xsltc.trax.TransformerImpl.transform(TransformerImpl.java:379)
	at sk.sporixx.service.ExportServiceImpl.saveDocument(ExportServiceImpl.java:208)
	at sk.sporixx.service.ExportServiceImpl.exportIncomeExpenseToXml(ExportServiceImpl.java:85)
	at sk.sporixx.service.ExportServiceIncomeExpenseTest.lambda$invalidDirectory_throwsExportException$0(ExportServiceIncomeExpenseTest.java:234)
	at org.junit.jupiter.api.AssertThrows.assertThrows(AssertThrows.java:53)
	at org.junit.jupiter.api.AssertThrows.assertThrows(AssertThrows.java:35)
	at org.junit.jupiter.api.Assertions.assertThrows(Assertions.java:3128)
	at sk.sporixx.service.ExportServiceIncomeExpenseTest.invalidDirectory_throwsExportException(ExportServiceIncomeExpenseTest.java:233)
	at java.base/jdk.internal.reflect.DirectMethodHandleAccessor.invoke(DirectMethodHandleAccessor.java:104)
	at java.base/java.lang.reflect.Method.invoke(Method.java:565)
	at org.junit.platform.commons.util.ReflectionUtils.invokeMethod(ReflectionUtils.java:767)
	at org.junit.jupiter.engine.execution.MethodInvocation.proceed(MethodInvocation.java:60)
	at org.junit.jupiter.engine.execution.InvocationInterceptorChain$ValidatingInvocation.proceed(InvocationInterceptorChain.java:131)
	at org.junit.jupiter.engine.extension.TimeoutExtension.intercept(TimeoutExtension.java:156)
	at org.junit.jupiter.engine.extension.TimeoutExtension.interceptTestableMethod(TimeoutExtension.java:147)
	at org.junit.jupiter.engine.extension.TimeoutExtension.interceptTestMethod(TimeoutExtension.java:86)
	at org.junit.jupiter.engine.execution.InterceptingExecutableInvoker$ReflectiveInterceptorCall.lambda$ofVoidMethod$0(InterceptingExecutableInvoker.java:103)
	at org.junit.jupiter.engine.execution.InterceptingExecutableInvoker.lambda$invoke$0(InterceptingExecutableInvoker.java:93)
	at org.junit.jupiter.engine.execution.InvocationInterceptorChain$InterceptedInvocation.proceed(InvocationInterceptorChain.java:106)
	at org.junit.jupiter.engine.execution.InvocationInterceptorChain.proceed(InvocationInterceptorChain.java:64)
	at org.junit.jupiter.engine.execution.InvocationInterceptorChain.chainAndInvoke(InvocationInterceptorChain.java:45)
	at org.junit.jupiter.engine.execution.InvocationInterceptorChain.invoke(InvocationInterceptorChain.java:37)
	at org.junit.jupiter.engine.execution.InterceptingExecutableInvoker.invoke(InterceptingExecutableInvoker.java:92)
	at org.junit.jupiter.engine.execution.InterceptingExecutableInvoker.invoke(InterceptingExecutableInvoker.java:86)
	at org.junit.jupiter.engine.descriptor.TestMethodTestDescriptor.lambda$invokeTestMethod$8(TestMethodTestDescriptor.java:217)
	at org.junit.platform.engine.support.hierarchical.ThrowableCollector.execute(ThrowableCollector.java:73)
	at org.junit.jupiter.engine.descriptor.TestMethodTestDescriptor.invokeTestMethod(TestMethodTestDescriptor.java:213)
	at org.junit.jupiter.engine.descriptor.TestMethodTestDescriptor.execute(TestMethodTestDescriptor.java:138)
	at org.junit.jupiter.engine.descriptor.TestMethodTestDescriptor.execute(TestMethodTestDescriptor.java:68)
	at org.junit.platform.engine.support.hierarchical.NodeTestTask.lambda$executeRecursively$6(NodeTestTask.java:156)
	at org.junit.platform.engine.support.hierarchical.ThrowableCollector.execute(ThrowableCollector.java:73)
	at org.junit.platform.engine.support.hierarchical.NodeTestTask.lambda$executeRecursively$8(NodeTestTask.java:146)
	at org.junit.platform.engine.support.hierarchical.Node.around(Node.java:137)
	at org.junit.platform.engine.support.hierarchical.NodeTestTask.lambda$executeRecursively$9(NodeTestTask.java:144)
	at org.junit.platform.engine.support.hierarchical.ThrowableCollector.execute(ThrowableCollector.java:73)
	at org.junit.platform.engine.support.hierarchical.NodeTestTask.executeRecursively(NodeTestTask.java:143)
	at org.junit.platform.engine.support.hierarchical.NodeTestTask.execute(NodeTestTask.java:100)
	at java.base/java.util.ArrayList.forEach(ArrayList.java:1604)
	at org.junit.platform.engine.support.hierarchical.SameThreadHierarchicalTestExecutorService.invokeAll(SameThreadHierarchicalTestExecutorService.java:41)
	at org.junit.platform.engine.support.hierarchical.NodeTestTask.lambda$executeRecursively$6(NodeTestTask.java:160)
	at org.junit.platform.engine.support.hierarchical.ThrowableCollector.execute(ThrowableCollector.java:73)
	at org.junit.platform.engine.support.hierarchical.NodeTestTask.lambda$executeRecursively$8(NodeTestTask.java:146)
	at org.junit.platform.engine.support.hierarchical.Node.around(Node.java:137)
	at org.junit.platform.engine.support.hierarchical.NodeTestTask.lambda$executeRecursively$9(NodeTestTask.java:144)
	at org.junit.platform.engine.support.hierarchical.ThrowableCollector.execute(ThrowableCollector.java:73)
	at org.junit.platform.engine.support.hierarchical.NodeTestTask.executeRecursively(NodeTestTask.java:143)
	at org.junit.platform.engine.support.hierarchical.NodeTestTask.execute(NodeTestTask.java:100)
	at java.base/java.util.ArrayList.forEach(ArrayList.java:1604)
	at org.junit.platform.engine.support.hierarchical.SameThreadHierarchicalTestExecutorService.invokeAll(SameThreadHierarchicalTestExecutorService.java:41)
	at org.junit.platform.engine.support.hierarchical.NodeTestTask.lambda$executeRecursively$6(NodeTestTask.java:160)
	at org.junit.platform.engine.support.hierarchical.ThrowableCollector.execute(ThrowableCollector.java:73)
	at org.junit.platform.engine.support.hierarchical.NodeTestTask.lambda$executeRecursively$8(NodeTestTask.java:146)
	at org.junit.platform.engine.support.hierarchical.Node.around(Node.java:137)
	at org.junit.platform.engine.support.hierarchical.NodeTestTask.lambda$executeRecursively$9(NodeTestTask.java:144)
	at org.junit.platform.engine.support.hierarchical.ThrowableCollector.execute(ThrowableCollector.java:73)
	at org.junit.platform.engine.support.hierarchical.NodeTestTask.executeRecursively(NodeTestTask.java:143)
	at org.junit.platform.engine.support.hierarchical.NodeTestTask.execute(NodeTestTask.java:100)
	at org.junit.platform.engine.support.hierarchical.SameThreadHierarchicalTestExecutorService.submit(SameThreadHierarchicalTestExecutorService.java:35)
	at org.junit.platform.engine.support.hierarchical.HierarchicalTestExecutor.execute(HierarchicalTestExecutor.java:57)
	at org.junit.platform.engine.support.hierarchical.HierarchicalTestEngine.execute(HierarchicalTestEngine.java:54)
	at org.junit.platform.launcher.core.EngineExecutionOrchestrator.execute(EngineExecutionOrchestrator.java:198)
	at org.junit.platform.launcher.core.EngineExecutionOrchestrator.execute(EngineExecutionOrchestrator.java:169)
	at org.junit.platform.launcher.core.EngineExecutionOrchestrator.execute(EngineExecutionOrchestrator.java:93)
	at org.junit.platform.launcher.core.EngineExecutionOrchestrator.lambda$execute$0(EngineExecutionOrchestrator.java:58)
	at org.junit.platform.launcher.core.EngineExecutionOrchestrator.withInterceptedStreams(EngineExecutionOrchestrator.java:141)
	at org.junit.platform.launcher.core.EngineExecutionOrchestrator.execute(EngineExecutionOrchestrator.java:57)
	at org.junit.platform.launcher.core.DefaultLauncher.execute(DefaultLauncher.java:103)
	at org.junit.platform.launcher.core.DefaultLauncher.execute(DefaultLauncher.java:85)
	at org.junit.platform.launcher.core.DelegatingLauncher.execute(DelegatingLauncher.java:47)
	at org.apache.maven.surefire.junitplatform.LazyLauncher.execute(LazyLauncher.java:56)
	at org.apache.maven.surefire.junitplatform.JUnitPlatformProvider.execute(JUnitPlatformProvider.java:184)
	at org.apache.maven.surefire.junitplatform.JUnitPlatformProvider.invokeAllTests(JUnitPlatformProvider.java:148)
	at org.apache.maven.surefire.junitplatform.JUnitPlatformProvider.invoke(JUnitPlatformProvider.java:122)
	at org.apache.maven.surefire.booter.ForkedBooter.runSuitesInProcess(ForkedBooter.java:385)
	at org.apache.maven.surefire.booter.ForkedBooter.execute(ForkedBooter.java:162)
	at org.apache.maven.surefire.booter.ForkedBooter.run(ForkedBooter.java:507)
	at org.apache.maven.surefire.booter.ForkedBooter.main(ForkedBooter.java:495)
Caused by: java.io.FileNotFoundException: /neexistujuci/adresar/export.xml (No such file or directory)
	at java.base/java.io.FileOutputStream.open0(Native Method)
	at java.base/java.io.FileOutputStream.open(FileOutputStream.java:255)
	at java.base/java.io.FileOutputStream.<init>(FileOutputStream.java:210)
	at java.base/java.io.FileOutputStream.<init>(FileOutputStream.java:171)
	at java.xml/com.sun.org.apache.xalan.internal.xsltc.trax.TransformerImpl.getOutputHandler(TransformerImpl.java:515)
	... 77 common frames omitted
]]></system-out>
  </testcase>
  <testcase name="blankPath_throwsExportException" classname="sk.sporixx.service.ExportServiceIncomeExpenseTest" time="0.0">
    <system-out><![CDATA[18:59:12.835 [main] INFO sk.sporixx.service.ExportServiceImpl -- Exporting income/expense report for period: ONE_MONTH to    
]]></system-out>
  </testcase>
  <testcase name="rootElementName" classname="sk.sporixx.service.ExportServiceIncomeExpenseTest" time="0.002">
    <system-out><![CDATA[18:59:12.836 [main] INFO sk.sporixx.service.ExportServiceImpl -- Exporting income/expense report for period: ONE_MONTH to /var/folders/9k/w4j9tsy17mv65xsssnrn5_jw0000gn/T/export-test-1162895504181551451.xml
18:59:12.836 [main] INFO sk.sporixx.service.ExportServiceImpl -- Income/expense report exported successfully to /var/folders/9k/w4j9tsy17mv65xsssnrn5_jw0000gn/T/export-test-1162895504181551451.xml
]]></system-out>
  </testcase>
  <testcase name="rootHasExportedAt" classname="sk.sporixx.service.ExportServiceIncomeExpenseTest" time="0.004">
    <system-out><![CDATA[18:59:12.838 [main] INFO sk.sporixx.service.ExportServiceImpl -- Exporting income/expense report for period: ONE_MONTH to /var/folders/9k/w4j9tsy17mv65xsssnrn5_jw0000gn/T/export-test-7365046668108641898.xml
18:59:12.840 [main] INFO sk.sporixx.service.ExportServiceImpl -- Income/expense report exported successfully to /var/folders/9k/w4j9tsy17mv65xsssnrn5_jw0000gn/T/export-test-7365046668108641898.xml
]]></system-out>
  </testcase>
</testsuite>