<?xml version="1.0" encoding="UTF-8"?>
<testsuite xmlns:xsi="http://www.w3.org/2001/XMLSchema-instance" xsi:noNamespaceSchemaLocation="https://maven.apache.org/surefire/maven-surefire-plugin/xsd/surefire-test-report-3.0.xsd" version="3.0" name="sk.sporixx.service.TransactionServiceAddTest" time="0.023" tests="21" errors="0" skipped="0" failures="2">
  <properties>
[...]
</properties>
  <testcase name="transfer_savingToMain_decreasesGoal" classname="sk.sporixx.service.TransactionServiceAddTest" time="0.001">
    <system-out><![CDATA[17:33:46.257 [main] INFO sk.sporixx.service.TransactionServiceImpl -- Adding transaction: accountId=2, type=2, amount=100.0
17:33:46.257 [main] INFO sk.sporixx.service.TransactionServiceImpl -- SavingGoal updated: accountId=2, newCurrentAmount=400.0
17:33:46.257 [main] INFO sk.sporixx.service.TransactionServiceImpl -- Transfer added: from=2, to=1, amount=100.0
]]></system-out>
  </testcase>
  <testcase name="addTransaction_nullDescription_throws" classname="sk.sporixx.service.TransactionServiceAddTest" time="0.001">
    <system-out><![CDATA[17:33:46.258 [main] INFO sk.sporixx.service.TransactionServiceImpl -- Adding transaction: accountId=1, type=1, amount=100.0
]]></system-out>
  </testcase>
  <testcase name="addTransaction_invalidCategory_throws" classname="sk.sporixx.service.TransactionServiceAddTest" time="0.0">
    <system-out><![CDATA[17:33:46.258 [main] INFO sk.sporixx.service.TransactionServiceImpl -- Adding transaction: accountId=1, type=2, amount=50.0
]]></system-out>
  </testcase>
  <testcase name="addExpense_decreasesBalance" classname="sk.sporixx.service.TransactionServiceAddTest" time="0.001">
    <system-out><![CDATA[17:33:46.258 [main] INFO sk.sporixx.service.TransactionServiceImpl -- Adding transaction: accountId=1, type=2, amount=12.5
17:33:46.259 [main] INFO sk.sporixx.service.TransactionServiceImpl -- Transaction added: id=1, type=2, amount=12.5
]]></system-out>
  </testcase>
  <testcase name="addTransaction_transfer_categoryNotValidated" classname="sk.sporixx.service.TransactionServiceAddTest" time="0.002">
    <system-out><![CDATA[17:33:46.260 [main] INFO sk.sporixx.service.TransactionServiceImpl -- Adding transaction: accountId=1, type=2, amount=50.0
17:33:46.261 [main] INFO sk.sporixx.service.TransactionServiceImpl -- Transfer added: from=1, to=2, amount=50.0
]]></system-out>
  </testcase>
  <testcase name="addTransaction_blankDescription_throws" classname="sk.sporixx.service.TransactionServiceAddTest" time="0.002">
    <system-out><![CDATA[17:33:46.262 [main] INFO sk.sporixx.service.TransactionServiceImpl -- Adding transaction: accountId=1, type=1, amount=100.0
]]></system-out>
  </testcase>
  <testcase name="addTransaction_futureDate_throws" classname="sk.sporixx.service.TransactionServiceAddTest" time="0.001">
    <system-out><![CDATA[17:33:46.264 [main] INFO sk.sporixx.service.TransactionServiceImpl -- Adding transaction: accountId=1, type=1, amount=100.0
]]></system-out>
  </testcase>
  <testcase name="transfer_savingToMain_goalClampedAtZero" classname="sk.sporixx.service.TransactionServiceAddTest" time="0.001">
    <system-out><![CDATA[17:33:46.264 [main] INFO sk.sporixx.service.TransactionServiceImpl -- Adding transaction: accountId=2, type=2, amount=100.0
17:33:46.264 [main] INFO sk.sporixx.service.TransactionServiceImpl -- SavingGoal updated: accountId=2, newCurrentAmount=0.0
17:33:46.264 [main] INFO sk.sporixx.service.TransactionServiceImpl -- Transfer added: from=2, to=1, amount=100.0
]]></system-out>
  </testcase>
  <testcase name="addTransaction_nullDate_throws" classname="sk.sporixx.service.TransactionServiceAddTest" time="0.0">
    <system-out><![CDATA[17:33:46.265 [main] INFO sk.sporixx.service.TransactionServiceImpl -- Adding transaction: accountId=1, type=1, amount=100.0
]]></system-out>
  </testcase>
  <testcase name="transfer_selfTransfer_allowedButNonsensical" classname="sk.sporixx.service.TransactionServiceAddTest" time="0.004">
    <failure message="expected: &lt;1000.0&gt; but was: &lt;1100.0&gt;" type="org.opentest4j.AssertionFailedError"><![CDATA[org.opentest4j.AssertionFailedError: expected: <1000.0> but was: <1100.0>
	at org.junit.jupiter.api.AssertionFailureBuilder.build(AssertionFailureBuilder.java:151)
	at org.junit.jupiter.api.AssertionFailureBuilder.buildAndThrow(AssertionFailureBuilder.java:132)
	at org.junit.jupiter.api.AssertEquals.failNotEqual(AssertEquals.java:197)
	at org.junit.jupiter.api.AssertEquals.assertEquals(AssertEquals.java:86)
	at org.junit.jupiter.api.AssertEquals.assertEquals(AssertEquals.java:81)
	at org.junit.jupiter.api.Assertions.assertEquals(Assertions.java:1014)
	at sk.sporixx.service.TransactionServiceAddTest.transfer_selfTransfer_allowedButNonsensical(TransactionServiceAddTest.java:180)
	at java.base/java.lang.reflect.Method.invoke(Method.java:565)
	at java.base/java.util.ArrayList.forEach(ArrayList.java:1604)
	at java.base/java.util.ArrayList.forEach(ArrayList.java:1604)
]]></failure>
    <system-out><![CDATA[17:33:46.265 [main] INFO sk.sporixx.service.TransactionServiceImpl -- Adding transaction: accountId=1, type=2, amount=100.0
17:33:46.265 [main] INFO sk.sporixx.service.TransactionServiceImpl -- Transfer added: from=1, to=1, amount=100.0
]]></system-out>
  </testcase>
  <testcase name="addTransaction_updatesSessionAccount" classname="sk.sporixx.service.TransactionServiceAddTest" time="0.0">
    <system-out><![CDATA[17:33:46.270 [main] INFO sk.sporixx.service.TransactionServiceImpl -- Adding transaction: accountId=1, type=1, amount=100.0
17:33:46.270 [main] INFO sk.sporixx.service.TransactionServiceImpl -- Transaction added: id=1, type=1, amount=100.0
]]></system-out>
  </testcase>
  <testcase name="transfer_mainToSaving_createsBothTransactions" classname="sk.sporixx.service.TransactionServiceAddTest" time="0.001">
    <system-out><![CDATA[17:33:46.271 [main] INFO sk.sporixx.service.TransactionServiceImpl -- Adding transaction: accountId=1, type=2, amount=200.0
17:33:46.271 [main] INFO sk.sporixx.service.TransactionServiceImpl -- SavingGoal updated: accountId=2, newCurrentAmount=700.0
17:33:46.271 [main] INFO sk.sporixx.service.TransactionServiceImpl -- Transfer added: from=1, to=2, amount=200.0
]]></system-out>
  </testcase>
  <testcase name="addExpense_canGoNegative" classname="sk.sporixx.service.TransactionServiceAddTest" time="0.0">
    <system-out><![CDATA[17:33:46.272 [main] INFO sk.sporixx.service.TransactionServiceImpl -- Adding transaction: accountId=1, type=2, amount=5000.0
17:33:46.272 [main] INFO sk.sporixx.service.TransactionServiceImpl -- Transaction added: id=1, type=2, amount=5000.0
]]></system-out>
  </testcase>
  <testcase name="addTransaction_setsCreatedAt" classname="sk.sporixx.service.TransactionServiceAddTest" time="0.001">
    <system-out><![CDATA[17:33:46.272 [main] INFO sk.sporixx.service.TransactionServiceImpl -- Adding transaction: accountId=1, type=1, amount=100.0
17:33:46.272 [main] INFO sk.sporixx.service.TransactionServiceImpl -- Transaction added: id=1, type=1, amount=100.0
]]></system-out>
  </testcase>
  <testcase name="addTransaction_negativeAmount_throws" classname="sk.sporixx.service.TransactionServiceAddTest" time="0.001">
    <system-out><![CDATA[17:33:46.273 [main] INFO sk.sporixx.service.TransactionServiceImpl -- Adding transaction: accountId=1, type=2, amount=-5.0
]]></system-out>
  </testcase>
  <testcase name="addTransaction_todayDate_ok" classname="sk.sporixx.service.TransactionServiceAddTest" time="0.0">
    <system-out><![CDATA[17:33:46.274 [main] INFO sk.sporixx.service.TransactionServiceImpl -- Adding transaction: accountId=1, type=1, amount=100.0
17:33:46.274 [main] INFO sk.sporixx.service.TransactionServiceImpl -- Transaction added: id=1, type=1, amount=100.0
]]></system-out>
  </testcase>
  <testcase name="transfer_mainToEmergency_noAutoCategory" classname="sk.sporixx.service.TransactionServiceAddTest" time="0.002">
    <failure message="transfer bez saving účtu nemá auto-kategóriu ==&gt; expected: &lt;null&gt; but was: &lt;9&gt;" type="org.opentest4j.AssertionFailedError"><![CDATA[org.opentest4j.AssertionFailedError: transfer bez saving účtu nemá auto-kategóriu ==> expected: <null> but was: <9>
	at org.junit.jupiter.api.AssertionFailureBuilder.build(AssertionFailureBuilder.java:151)
	at org.junit.jupiter.api.AssertionFailureBuilder.buildAndThrow(AssertionFailureBuilder.java:132)
	at org.junit.jupiter.api.AssertNull.failNotNull(AssertNull.java:50)
	at org.junit.jupiter.api.AssertNull.assertNull(AssertNull.java:35)
	at org.junit.jupiter.api.Assertions.assertNull(Assertions.java:287)
	at sk.sporixx.service.TransactionServiceAddTest.transfer_mainToEmergency_noAutoCategory(TransactionServiceAddTest.java:157)
	at java.base/java.lang.reflect.Method.invoke(Method.java:565)
	at java.base/java.util.ArrayList.forEach(ArrayList.java:1604)
	at java.base/java.util.ArrayList.forEach(ArrayList.java:1604)
]]></failure>
    <system-out><![CDATA[17:33:46.275 [main] INFO sk.sporixx.service.TransactionServiceImpl -- Adding transaction: accountId=1, type=2, amount=50.0
17:33:46.275 [main] INFO sk.sporixx.service.TransactionServiceImpl -- Transfer added: from=1, to=3, amount=50.0
]]></system-out>
  </testcase>
  <testcase name="addTransaction_zeroAmount_throws" classname="sk.sporixx.service.TransactionServiceAddTest" time="0.001">
    <system-out><![CDATA[17:33:46.277 [main] INFO sk.sporixx.service.TransactionServiceImpl -- Adding transaction: accountId=1, type=1, amount=0.0
]]></system-out>
  </testcase>
  <testcase name="addTransaction_completeDate_combinesParam" classname="sk.sporixx.service.TransactionServiceAddTest" time="0.0">
    <system-out><![CDATA[17:33:46.278 [main] INFO sk.sporixx.service.TransactionServiceImpl -- Adding transaction: accountId=1, type=1, amount=100.0
17:33:46.278 [main] INFO sk.sporixx.service.TransactionServiceImpl -- Transaction added: id=1, type=1, amount=100.0
]]></system-out>
  </testcase>
  <testcase name="addIncome_increasesBalance" classname="sk.sporixx.service.TransactionServiceAddTest" time="0.001">
    <system-out><![CDATA[17:33:46.278 [main] INFO sk.sporixx.service.TransactionServiceImpl -- Adding transaction: accountId=1, type=1, amount=500.0
17:33:46.278 [main] INFO sk.sporixx.service.TransactionServiceImpl -- Transaction added: id=1, type=1, amount=500.0
]]></system-out>
  </testcase>
  <testcase name="addTransaction_invalidAccountId_throws" classname="sk.sporixx.service.TransactionServiceAddTest" time="0.0">
    <system-out><![CDATA[17:33:46.279 [main] INFO sk.sporixx.service.TransactionServiceImpl -- Adding transaction: accountId=99999, type=1, amount=100.0
]]></system-out>
  </testcase>
</testsuite>