<?xml version="1.0" encoding="UTF-8"?>
<testsuite xmlns:xsi="http://www.w3.org/2001/XMLSchema-instance" xsi:noNamespaceSchemaLocation="https://maven.apache.org/surefire/maven-surefire-plugin/xsd/surefire-test-report-3.0.xsd" version="3.0" name="sk.sporixx.service.AdminServicePerformanceTest$LifecyclePerformance" time="55.197" tests="1" errors="1" skipped="0" failures="0">
  <properties>
[...]
</properties>
  <testcase name="deactivateAndActivate200Users_withinTimeLimit" classname="sk.sporixx.service.AdminServicePerformanceTest$LifecyclePerformance" time="55.195">
    <error message="deactivateAndActivate200Users_withinTimeLimit() timed out after 3 seconds" type="java.util.concurrent.TimeoutException"><![CDATA[java.util.concurrent.TimeoutException: deactivateAndActivate200Users_withinTimeLimit() timed out after 3 seconds
	at java.base/java.util.ArrayList.forEach(ArrayList.java:1604)
	at java.base/java.util.ArrayList.forEach(ArrayList.java:1604)
	at java.base/java.util.ArrayList.forEach(ArrayList.java:1604)
]]></error>
    <system-out><![CDATA[11:29:24.427 [main] DEBUG sk.sporixx.util.PasswordUtil -- Hashing password with BCrypt (cost=12)
11:29:24.702 [main] DEBUG sk.sporixx.util.PasswordUtil -- Hashing password with BCrypt (cost=12)
11:29:24.977 [main] DEBUG sk.sporixx.util.PasswordUtil -- Hashing password with BCrypt (cost=12)
11:29:25.252 [main] DEBUG sk.sporixx.util.PasswordUtil -- Hashing password with BCrypt (cost=12)
11:29:25.523 [main] DEBUG sk.sporixx.util.PasswordUtil -- Hashing password with BCrypt (cost=12)
11:29:25.795 [main] DEBUG sk.sporixx.util.PasswordUtil -- Hashing password with BCrypt (cost=12)
11:29:26.065 [main] DEBUG sk.sporixx.util.PasswordUtil -- Hashing password with BCrypt (cost=12)
11:29:26.336 [main] DEBUG sk.sporixx.util.PasswordUtil -- Hashing password with BCrypt (cost=12)
11:29:26.607 [main] DEBUG sk.sporixx.util.PasswordUtil -- Hashing password with BCrypt (cost=12)
11:29:26.878 [main] DEBUG sk.sporixx.util.PasswordUtil -- Hashing password with BCrypt (cost=12)
11:29:27.149 [main] DEBUG sk.sporixx.util.PasswordUtil -- Hashing password with BCrypt (cost=12)
11:29:27.420 [main] DEBUG sk.sporixx.util.PasswordUtil -- Hashing password with BCrypt (cost=12)
11:29:27.691 [main] DEBUG sk.sporixx.util.PasswordUtil -- Hashing password with BCrypt (cost=12)
11:29:27.962 [main] DEBUG sk.sporixx.util.PasswordUtil -- Hashing password with BCrypt (cost=12)
11:29:28.233 [main] DEBUG sk.sporixx.util.PasswordUtil -- Hashing password with BCrypt (cost=12)
11:29:28.503 [main] DEBUG sk.sporixx.util.PasswordUtil -- Hashing password with BCrypt (cost=12)
11:29:28.774 [main] DEBUG sk.sporixx.util.PasswordUtil -- Hashing password with BCrypt (cost=12)
11:29:29.045 [main] DEBUG sk.sporixx.util.PasswordUtil -- Hashing password with BCrypt (cost=12)
11:29:29.316 [main] DEBUG sk.sporixx.util.PasswordUtil -- Hashing password with BCrypt (cost=12)
11:29:29.587 [main] DEBUG sk.sporixx.util.PasswordUtil -- Hashing password with BCrypt (cost=12)
11:29:29.858 [main] DEBUG sk.sporixx.util.PasswordUtil -- Hashing password with BCrypt (cost=12)
11:29:30.129 [main] DEBUG sk.sporixx.util.PasswordUtil -- Hashing password with BCrypt (cost=12)
11:29:30.399 [main] DEBUG sk.sporixx.util.PasswordUtil -- Hashing password with BCrypt (cost=12)
11:29:30.670 [main] DEBUG sk.sporixx.util.PasswordUtil -- Hashing password with BCrypt (cost=12)
11:29:30.941 [main] DEBUG sk.sporixx.util.PasswordUtil -- Hashing password with BCrypt (cost=12)
11:29:31.213 [main] DEBUG sk.sporixx.util.PasswordUtil -- Hashing password with BCrypt (cost=12)
11:29:31.489 [main] DEBUG sk.sporixx.util.PasswordUtil -- Hashing password with BCrypt (cost=12)
11:29:31.762 [main] DEBUG sk.sporixx.util.PasswordUtil -- Hashing password with BCrypt (cost=12)
11:29:32.035 [main] DEBUG sk.sporixx.util.PasswordUtil -- Hashing password with BCrypt (cost=12)
11:29:32.308 [main] DEBUG sk.sporixx.util.PasswordUtil -- Hashing password with BCrypt (cost=12)
11:29:32.580 [main] DEBUG sk.sporixx.util.PasswordUtil -- Hashing password with BCrypt (cost=12)
11:29:32.851 [main] DEBUG sk.sporixx.util.PasswordUtil -- Hashing password with BCrypt (cost=12)
11:29:33.121 [main] DEBUG sk.sporixx.util.PasswordUtil -- Hashing password with BCrypt (cost=12)
11:29:33.393 [main] DEBUG sk.sporixx.util.PasswordUtil -- Hashing password with BCrypt (cost=12)
11:29:33.664 [main] DEBUG sk.sporixx.util.PasswordUtil -- Hashing password with BCrypt (cost=12)
11:29:33.934 [main] DEBUG sk.sporixx.util.PasswordUtil -- Hashing password with BCrypt (cost=12)
11:29:34.205 [main] DEBUG sk.sporixx.util.PasswordUtil -- Hashing password with BCrypt (cost=12)
11:29:34.476 [main] DEBUG sk.sporixx.util.PasswordUtil -- Hashing password with BCrypt (cost=12)
11:29:34.748 [main] DEBUG sk.sporixx.util.PasswordUtil -- Hashing password with BCrypt (cost=12)
11:29:35.019 [main] DEBUG sk.sporixx.util.PasswordUtil -- Hashing password with BCrypt (cost=12)
11:29:35.290 [main] DEBUG sk.sporixx.util.PasswordUtil -- Hashing password with BCrypt (cost=12)
11:29:35.562 [main] DEBUG sk.sporixx.util.PasswordUtil -- Hashing password with BCrypt (cost=12)
11:29:35.838 [main] DEBUG sk.sporixx.util.PasswordUtil -- Hashing password with BCrypt (cost=12)
11:29:36.109 [main] DEBUG sk.sporixx.util.PasswordUtil -- Hashing password with BCrypt (cost=12)
11:29:36.379 [main] DEBUG sk.sporixx.util.PasswordUtil -- Hashing password with BCrypt (cost=12)
11:29:36.650 [main] DEBUG sk.sporixx.util.PasswordUtil -- Hashing password with BCrypt (cost=12)
11:29:36.923 [main] DEBUG sk.sporixx.util.PasswordUtil -- Hashing password with BCrypt (cost=12)
11:29:37.194 [main] DEBUG sk.sporixx.util.PasswordUtil -- Hashing password with BCrypt (cost=12)
11:29:37.465 [main] DEBUG sk.sporixx.util.PasswordUtil -- Hashing password with BCrypt (cost=12)
11:29:37.736 [main] DEBUG sk.sporixx.util.PasswordUtil -- Hashing password with BCrypt (cost=12)
11:29:38.007 [main] DEBUG sk.sporixx.util.PasswordUtil -- Hashing password with BCrypt (cost=12)
11:29:38.278 [main] DEBUG sk.sporixx.util.PasswordUtil -- Hashing password with BCrypt (cost=12)
11:29:38.548 [main] DEBUG sk.sporixx.util.PasswordUtil -- Hashing password with BCrypt (cost=12)
11:29:38.819 [main] DEBUG sk.sporixx.util.PasswordUtil -- Hashing password with BCrypt (cost=12)
11:29:39.089 [main] DEBUG sk.sporixx.util.PasswordUtil -- Hashing password with BCrypt (cost=12)
11:29:39.360 [main] DEBUG sk.sporixx.util.PasswordUtil -- Hashing password with BCrypt (cost=12)
11:29:39.631 [main] DEBUG sk.sporixx.util.PasswordUtil -- Hashing password with BCrypt (cost=12)
11:29:39.901 [main] DEBUG sk.sporixx.util.PasswordUtil -- Hashing password with BCrypt (cost=12)
11:29:40.172 [main] DEBUG sk.sporixx.util.PasswordUtil -- Hashing password with BCrypt (cost=12)
11:29:40.443 [main] DEBUG sk.sporixx.util.PasswordUtil -- Hashing password with BCrypt (cost=12)
11:29:40.713 [main] DEBUG sk.sporixx.util.PasswordUtil -- Hashing password with BCrypt (cost=12)
11:29:40.984 [main] DEBUG sk.sporixx.util.PasswordUtil -- Hashing password with BCrypt (cost=12)
11:29:41.255 [main] DEBUG sk.sporixx.util.PasswordUtil -- Hashing password with BCrypt (cost=12)
11:29:41.527 [main] DEBUG sk.sporixx.util.PasswordUtil -- Hashing password with BCrypt (cost=12)
11:29:41.798 [main] DEBUG sk.sporixx.util.PasswordUtil -- Hashing password with BCrypt (cost=12)
11:29:42.069 [main] DEBUG sk.sporixx.util.PasswordUtil -- Hashing password with BCrypt (cost=12)
11:29:42.340 [main] DEBUG sk.sporixx.util.PasswordUtil -- Hashing password with BCrypt (cost=12)
11:29:42.611 [main] DEBUG sk.sporixx.util.PasswordUtil -- Hashing password with BCrypt (cost=12)
11:29:42.882 [main] DEBUG sk.sporixx.util.PasswordUtil -- Hashing password with BCrypt (cost=12)
11:29:43.152 [main] DEBUG sk.sporixx.util.PasswordUtil -- Hashing password with BCrypt (cost=12)
11:29:43.423 [main] DEBUG sk.sporixx.util.PasswordUtil -- Hashing password with BCrypt (cost=12)
11:29:43.693 [main] DEBUG sk.sporixx.util.PasswordUtil -- Hashing password with BCrypt (cost=12)
11:29:43.967 [main] DEBUG sk.sporixx.util.PasswordUtil -- Hashing password with BCrypt (cost=12)
11:29:44.238 [main] DEBUG sk.sporixx.util.PasswordUtil -- Hashing password with BCrypt (cost=12)
11:29:44.509 [main] DEBUG sk.sporixx.util.PasswordUtil -- Hashing password with BCrypt (cost=12)
11:29:44.784 [main] DEBUG sk.sporixx.util.PasswordUtil -- Hashing password with BCrypt (cost=12)
11:29:45.056 [main] DEBUG sk.sporixx.util.PasswordUtil -- Hashing password with BCrypt (cost=12)
11:29:45.328 [main] DEBUG sk.sporixx.util.PasswordUtil -- Hashing password with BCrypt (cost=12)
11:29:45.598 [main] DEBUG sk.sporixx.util.PasswordUtil -- Hashing password with BCrypt (cost=12)
11:29:45.869 [main] DEBUG sk.sporixx.util.PasswordUtil -- Hashing password with BCrypt (cost=12)
11:29:46.140 [main] DEBUG sk.sporixx.util.PasswordUtil -- Hashing password with BCrypt (cost=12)
11:29:46.410 [main] DEBUG sk.sporixx.util.PasswordUtil -- Hashing password with BCrypt (cost=12)
11:29:46.682 [main] DEBUG sk.sporixx.util.PasswordUtil -- Hashing password with BCrypt (cost=12)
11:29:46.954 [main] DEBUG sk.sporixx.util.PasswordUtil -- Hashing password with BCrypt (cost=12)
11:29:47.226 [main] DEBUG sk.sporixx.util.PasswordUtil -- Hashing password with BCrypt (cost=12)
11:29:47.497 [main] DEBUG sk.sporixx.util.PasswordUtil -- Hashing password with BCrypt (cost=12)
11:29:47.768 [main] DEBUG sk.sporixx.util.PasswordUtil -- Hashing password with BCrypt (cost=12)
11:29:48.038 [main] DEBUG sk.sporixx.util.PasswordUtil -- Hashing password with BCrypt (cost=12)
11:29:48.309 [main] DEBUG sk.sporixx.util.PasswordUtil -- Hashing password with BCrypt (cost=12)
11:29:48.580 [main] DEBUG sk.sporixx.util.PasswordUtil -- Hashing password with BCrypt (cost=12)
11:29:48.850 [main] DEBUG sk.sporixx.util.PasswordUtil -- Hashing password with BCrypt (cost=12)
11:29:49.122 [main] DEBUG sk.sporixx.util.PasswordUtil -- Hashing password with BCrypt (cost=12)
11:29:49.394 [main] DEBUG sk.sporixx.util.PasswordUtil -- Hashing password with BCrypt (cost=12)
11:29:49.665 [main] DEBUG sk.sporixx.util.PasswordUtil -- Hashing password with BCrypt (cost=12)
11:29:49.936 [main] DEBUG sk.sporixx.util.PasswordUtil -- Hashing password with BCrypt (cost=12)
11:29:50.206 [main] DEBUG sk.sporixx.util.PasswordUtil -- Hashing password with BCrypt (cost=12)
11:29:50.477 [main] DEBUG sk.sporixx.util.PasswordUtil -- Hashing password with BCrypt (cost=12)
11:29:50.748 [main] DEBUG sk.sporixx.util.PasswordUtil -- Hashing password with BCrypt (cost=12)
11:29:51.019 [main] DEBUG sk.sporixx.util.PasswordUtil -- Hashing password with BCrypt (cost=12)
11:29:51.289 [main] DEBUG sk.sporixx.util.PasswordUtil -- Hashing password with BCrypt (cost=12)
11:29:51.562 [main] DEBUG sk.sporixx.util.PasswordUtil -- Hashing password with BCrypt (cost=12)
11:29:51.833 [main] DEBUG sk.sporixx.util.PasswordUtil -- Hashing password with BCrypt (cost=12)
11:29:52.104 [main] DEBUG sk.sporixx.util.PasswordUtil -- Hashing password with BCrypt (cost=12)
11:29:52.375 [main] DEBUG sk.sporixx.util.PasswordUtil -- Hashing password with BCrypt (cost=12)
11:29:52.646 [main] DEBUG sk.sporixx.util.PasswordUtil -- Hashing password with BCrypt (cost=12)
11:29:52.917 [main] DEBUG sk.sporixx.util.PasswordUtil -- Hashing password with BCrypt (cost=12)
11:29:53.188 [main] DEBUG sk.sporixx.util.PasswordUtil -- Hashing password with BCrypt (cost=12)
11:29:53.462 [main] DEBUG sk.sporixx.util.PasswordUtil -- Hashing password with BCrypt (cost=12)
11:29:53.732 [main] DEBUG sk.sporixx.util.PasswordUtil -- Hashing password with BCrypt (cost=12)
11:29:54.003 [main] DEBUG sk.sporixx.util.PasswordUtil -- Hashing password with BCrypt (cost=12)
11:29:54.274 [main] DEBUG sk.sporixx.util.PasswordUtil -- Hashing password with BCrypt (cost=12)
11:29:54.548 [main] DEBUG sk.sporixx.util.PasswordUtil -- Hashing password with BCrypt (cost=12)
11:29:54.831 [main] DEBUG sk.sporixx.util.PasswordUtil -- Hashing password with BCrypt (cost=12)
11:29:55.106 [main] DEBUG sk.sporixx.util.PasswordUtil -- Hashing password with BCrypt (cost=12)
11:29:55.382 [main] DEBUG sk.sporixx.util.PasswordUtil -- Hashing password with BCrypt (cost=12)
11:29:55.658 [main] DEBUG sk.sporixx.util.PasswordUtil -- Hashing password with BCrypt (cost=12)
11:29:55.932 [main] DEBUG sk.sporixx.util.PasswordUtil -- Hashing password with BCrypt (cost=12)
11:29:56.207 [main] DEBUG sk.sporixx.util.PasswordUtil -- Hashing password with BCrypt (cost=12)
11:29:56.480 [main] DEBUG sk.sporixx.util.PasswordUtil -- Hashing password with BCrypt (cost=12)
11:29:56.752 [main] DEBUG sk.sporixx.util.PasswordUtil -- Hashing password with BCrypt (cost=12)
11:29:57.026 [main] DEBUG sk.sporixx.util.PasswordUtil -- Hashing password with BCrypt (cost=12)
11:29:57.299 [main] DEBUG sk.sporixx.util.PasswordUtil -- Hashing password with BCrypt (cost=12)
11:29:57.574 [main] DEBUG sk.sporixx.util.PasswordUtil -- Hashing password with BCrypt (cost=12)
11:29:57.850 [main] DEBUG sk.sporixx.util.PasswordUtil -- Hashing password with BCrypt (cost=12)
11:29:58.122 [main] DEBUG sk.sporixx.util.PasswordUtil -- Hashing password with BCrypt (cost=12)
11:29:58.393 [main] DEBUG sk.sporixx.util.PasswordUtil -- Hashing password with BCrypt (cost=12)
11:29:58.664 [main] DEBUG sk.sporixx.util.PasswordUtil -- Hashing password with BCrypt (cost=12)
11:29:58.936 [main] DEBUG sk.sporixx.util.PasswordUtil -- Hashing password with BCrypt (cost=12)
11:29:59.208 [main] DEBUG sk.sporixx.util.PasswordUtil -- Hashing password with BCrypt (cost=12)
11:29:59.479 [main] DEBUG sk.sporixx.util.PasswordUtil -- Hashing password with BCrypt (cost=12)
11:29:59.750 [main] DEBUG sk.sporixx.util.PasswordUtil -- Hashing password with BCrypt (cost=12)
11:30:00.021 [main] DEBUG sk.sporixx.util.PasswordUtil -- Hashing password with BCrypt (cost=12)
11:30:00.293 [main] DEBUG sk.sporixx.util.PasswordUtil -- Hashing password with BCrypt (cost=12)
11:30:00.564 [main] DEBUG sk.sporixx.util.PasswordUtil -- Hashing password with BCrypt (cost=12)
11:30:00.836 [main] DEBUG sk.sporixx.util.PasswordUtil -- Hashing password with BCrypt (cost=12)
11:30:01.107 [main] DEBUG sk.sporixx.util.PasswordUtil -- Hashing password with BCrypt (cost=12)
11:30:01.378 [main] DEBUG sk.sporixx.util.PasswordUtil -- Hashing password with BCrypt (cost=12)
11:30:01.649 [main] DEBUG sk.sporixx.util.PasswordUtil -- Hashing password with BCrypt (cost=12)
11:30:01.921 [main] DEBUG sk.sporixx.util.PasswordUtil -- Hashing password with BCrypt (cost=12)
11:30:02.192 [main] DEBUG sk.sporixx.util.PasswordUtil -- Hashing password with BCrypt (cost=12)
11:30:02.463 [main] DEBUG sk.sporixx.util.PasswordUtil -- Hashing password with BCrypt (cost=12)
11:30:02.734 [main] DEBUG sk.sporixx.util.PasswordUtil -- Hashing password with BCrypt (cost=12)
11:30:03.005 [main] DEBUG sk.sporixx.util.PasswordUtil -- Hashing password with BCrypt (cost=12)
11:30:03.276 [main] DEBUG sk.sporixx.util.PasswordUtil -- Hashing password with BCrypt (cost=12)
11:30:03.548 [main] DEBUG sk.sporixx.util.PasswordUtil -- Hashing password with BCrypt (cost=12)
11:30:03.818 [main] DEBUG sk.sporixx.util.PasswordUtil -- Hashing password with BCrypt (cost=12)
11:30:04.089 [main] DEBUG sk.sporixx.util.PasswordUtil -- Hashing password with BCrypt (cost=12)
11:30:04.361 [main] DEBUG sk.sporixx.util.PasswordUtil -- Hashing password with BCrypt (cost=12)
11:30:04.631 [main] DEBUG sk.sporixx.util.PasswordUtil -- Hashing password with BCrypt (cost=12)
11:30:04.902 [main] DEBUG sk.sporixx.util.PasswordUtil -- Hashing password with BCrypt (cost=12)
11:30:05.173 [main] DEBUG sk.sporixx.util.PasswordUtil -- Hashing password with BCrypt (cost=12)
11:30:05.448 [main] DEBUG sk.sporixx.util.PasswordUtil -- Hashing password with BCrypt (cost=12)
11:30:05.719 [main] DEBUG sk.sporixx.util.PasswordUtil -- Hashing password with BCrypt (cost=12)
11:30:05.994 [main] DEBUG sk.sporixx.util.PasswordUtil -- Hashing password with BCrypt (cost=12)
11:30:06.270 [main] DEBUG sk.sporixx.util.PasswordUtil -- Hashing password with BCrypt (cost=12)
11:30:06.546 [main] DEBUG sk.sporixx.util.PasswordUtil -- Hashing password with BCrypt (cost=12)
11:30:06.817 [main] DEBUG sk.sporixx.util.PasswordUtil -- Hashing password with BCrypt (cost=12)
11:30:07.090 [main] DEBUG sk.sporixx.util.PasswordUtil -- Hashing password with BCrypt (cost=12)
11:30:07.365 [main] DEBUG sk.sporixx.util.PasswordUtil -- Hashing password with BCrypt (cost=12)
11:30:07.636 [main] DEBUG sk.sporixx.util.PasswordUtil -- Hashing password with BCrypt (cost=12)
11:30:07.907 [main] DEBUG sk.sporixx.util.PasswordUtil -- Hashing password with BCrypt (cost=12)
11:30:08.178 [main] DEBUG sk.sporixx.util.PasswordUtil -- Hashing password with BCrypt (cost=12)
11:30:08.449 [main] DEBUG sk.sporixx.util.PasswordUtil -- Hashing password with BCrypt (cost=12)
11:30:08.723 [main] DEBUG sk.sporixx.util.PasswordUtil -- Hashing password with BCrypt (cost=12)
11:30:08.996 [main] DEBUG sk.sporixx.util.PasswordUtil -- Hashing password with BCrypt (cost=12)
11:30:09.271 [main] DEBUG sk.sporixx.util.PasswordUtil -- Hashing password with BCrypt (cost=12)
11:30:09.547 [main] DEBUG sk.sporixx.util.PasswordUtil -- Hashing password with BCrypt (cost=12)
11:30:09.824 [main] DEBUG sk.sporixx.util.PasswordUtil -- Hashing password with BCrypt (cost=12)
11:30:10.100 [main] DEBUG sk.sporixx.util.PasswordUtil -- Hashing password with BCrypt (cost=12)
11:30:10.373 [main] DEBUG sk.sporixx.util.PasswordUtil -- Hashing password with BCrypt (cost=12)
11:30:10.645 [main] DEBUG sk.sporixx.util.PasswordUtil -- Hashing password with BCrypt (cost=12)
11:30:10.920 [main] DEBUG sk.sporixx.util.PasswordUtil -- Hashing password with BCrypt (cost=12)
11:30:11.192 [main] DEBUG sk.sporixx.util.PasswordUtil -- Hashing password with BCrypt (cost=12)
11:30:11.465 [main] DEBUG sk.sporixx.util.PasswordUtil -- Hashing password with BCrypt (cost=12)
11:30:11.741 [main] DEBUG sk.sporixx.util.PasswordUtil -- Hashing password with BCrypt (cost=12)
11:30:12.014 [main] DEBUG sk.sporixx.util.PasswordUtil -- Hashing password with BCrypt (cost=12)
11:30:12.287 [main] DEBUG sk.sporixx.util.PasswordUtil -- Hashing password with BCrypt (cost=12)
11:30:12.558 [main] DEBUG sk.sporixx.util.PasswordUtil -- Hashing password with BCrypt (cost=12)
11:30:12.829 [main] DEBUG sk.sporixx.util.PasswordUtil -- Hashing password with BCrypt (cost=12)
11:30:13.100 [main] DEBUG sk.sporixx.util.PasswordUtil -- Hashing password with BCrypt (cost=12)
11:30:13.370 [main] DEBUG sk.sporixx.util.PasswordUtil -- Hashing password with BCrypt (cost=12)
11:30:13.641 [main] DEBUG sk.sporixx.util.PasswordUtil -- Hashing password with BCrypt (cost=12)
11:30:13.912 [main] DEBUG sk.sporixx.util.PasswordUtil -- Hashing password with BCrypt (cost=12)
11:30:14.182 [main] DEBUG sk.sporixx.util.PasswordUtil -- Hashing password with BCrypt (cost=12)
11:30:14.454 [main] DEBUG sk.sporixx.util.PasswordUtil -- Hashing password with BCrypt (cost=12)
11:30:14.725 [main] DEBUG sk.sporixx.util.PasswordUtil -- Hashing password with BCrypt (cost=12)
11:30:14.996 [main] DEBUG sk.sporixx.util.PasswordUtil -- Hashing password with BCrypt (cost=12)
11:30:15.269 [main] DEBUG sk.sporixx.util.PasswordUtil -- Hashing password with BCrypt (cost=12)
11:30:15.546 [main] DEBUG sk.sporixx.util.PasswordUtil -- Hashing password with BCrypt (cost=12)
11:30:15.817 [main] DEBUG sk.sporixx.util.PasswordUtil -- Hashing password with BCrypt (cost=12)
11:30:16.087 [main] DEBUG sk.sporixx.util.PasswordUtil -- Hashing password with BCrypt (cost=12)
11:30:16.358 [main] DEBUG sk.sporixx.util.PasswordUtil -- Hashing password with BCrypt (cost=12)
11:30:16.630 [main] DEBUG sk.sporixx.util.PasswordUtil -- Hashing password with BCrypt (cost=12)
11:30:16.901 [main] DEBUG sk.sporixx.util.PasswordUtil -- Hashing password with BCrypt (cost=12)
11:30:17.172 [main] DEBUG sk.sporixx.util.PasswordUtil -- Hashing password with BCrypt (cost=12)
11:30:17.443 [main] DEBUG sk.sporixx.util.PasswordUtil -- Hashing password with BCrypt (cost=12)
11:30:17.714 [main] DEBUG sk.sporixx.util.PasswordUtil -- Hashing password with BCrypt (cost=12)
11:30:17.985 [main] DEBUG sk.sporixx.util.PasswordUtil -- Hashing password with BCrypt (cost=12)
11:30:18.256 [main] DEBUG sk.sporixx.util.PasswordUtil -- Hashing password with BCrypt (cost=12)
11:30:18.528 [main] DEBUG sk.sporixx.util.PasswordUtil -- Hashing password with BCrypt (cost=12)
11:30:18.799 [main] DEBUG sk.sporixx.util.PasswordUtil -- Hashing password with BCrypt (cost=12)
11:30:19.070 [main] DEBUG sk.sporixx.util.PasswordUtil -- Hashing password with BCrypt (cost=12)
11:30:19.341 [main] DEBUG sk.sporixx.util.PasswordUtil -- Hashing password with BCrypt (cost=12)
[PERF] deactivate+activate x200: 3 ms
]]></system-out>
  </testcase>
</testsuite>