<?xml version="1.0" encoding="UTF-8"?>
<testsuite xmlns:xsi="http://www.w3.org/2001/XMLSchema-instance" xsi:noNamespaceSchemaLocation="https://maven.apache.org/surefire/maven-surefire-plugin/xsd/surefire-test-report-3.0.xsd" version="3.0" name="sk.sporixx.service.AdminServiceUpdateUserTest" time="21.821" tests="25" errors="0" skipped="0" failures="0">
  <properties>
[...]
</properties>
  <testcase name="updateUser_firstNameWithSpecialChars_throws" classname="sk.sporixx.service.AdminServiceUpdateUserTest" time="0.831">
    <system-out><![CDATA[17:34:14.556 [main] DEBUG sk.sporixx.util.PasswordUtil -- Hashing password with BCrypt (cost=12)
17:34:14.833 [main] DEBUG sk.sporixx.util.PasswordUtil -- Hashing password with BCrypt (cost=12)
17:34:15.107 [main] DEBUG sk.sporixx.util.PasswordUtil -- Hashing password with BCrypt (cost=12)
]]></system-out>
  </testcase>
  <testcase name="updateUser_negativeId_throws" classname="sk.sporixx.service.AdminServiceUpdateUserTest" time="0.819">
    <system-out><![CDATA[17:34:15.387 [main] DEBUG sk.sporixx.util.PasswordUtil -- Hashing password with BCrypt (cost=12)
17:34:15.660 [main] DEBUG sk.sporixx.util.PasswordUtil -- Hashing password with BCrypt (cost=12)
17:34:15.932 [main] DEBUG sk.sporixx.util.PasswordUtil -- Hashing password with BCrypt (cost=12)
]]></system-out>
  </testcase>
  <testcase name="updateUser_zeroId_throws" classname="sk.sporixx.service.AdminServiceUpdateUserTest" time="0.817">
    <system-out><![CDATA[17:34:16.206 [main] DEBUG sk.sporixx.util.PasswordUtil -- Hashing password with BCrypt (cost=12)
17:34:16.478 [main] DEBUG sk.sporixx.util.PasswordUtil -- Hashing password with BCrypt (cost=12)
17:34:16.750 [main] DEBUG sk.sporixx.util.PasswordUtil -- Hashing password with BCrypt (cost=12)
]]></system-out>
  </testcase>
  <testcase name="updateUser_nullUser_throws" classname="sk.sporixx.service.AdminServiceUpdateUserTest" time="0.817">
    <system-out><![CDATA[17:34:17.024 [main] DEBUG sk.sporixx.util.PasswordUtil -- Hashing password with BCrypt (cost=12)
17:34:17.296 [main] DEBUG sk.sporixx.util.PasswordUtil -- Hashing password with BCrypt (cost=12)
17:34:17.568 [main] DEBUG sk.sporixx.util.PasswordUtil -- Hashing password with BCrypt (cost=12)
]]></system-out>
  </testcase>
  <testcase name="updateUser_doesNotChangeActiveFlag" classname="sk.sporixx.service.AdminServiceUpdateUserTest" time="0.818">
    <system-out><![CDATA[17:34:17.841 [main] DEBUG sk.sporixx.util.PasswordUtil -- Hashing password with BCrypt (cost=12)
17:34:18.114 [main] DEBUG sk.sporixx.util.PasswordUtil -- Hashing password with BCrypt (cost=12)
17:34:18.386 [main] DEBUG sk.sporixx.util.PasswordUtil -- Hashing password with BCrypt (cost=12)
]]></system-out>
  </testcase>
  <testcase name="updateUser_unknownGender_defaultsToUnknown" classname="sk.sporixx.service.AdminServiceUpdateUserTest" time="0.816">
    <system-out><![CDATA[17:34:18.659 [main] DEBUG sk.sporixx.util.PasswordUtil -- Hashing password with BCrypt (cost=12)
17:34:18.931 [main] DEBUG sk.sporixx.util.PasswordUtil -- Hashing password with BCrypt (cost=12)
17:34:19.203 [main] DEBUG sk.sporixx.util.PasswordUtil -- Hashing password with BCrypt (cost=12)
]]></system-out>
  </testcase>
  <testcase name="updateUser_normalizesGenderFemaleSlovak" classname="sk.sporixx.service.AdminServiceUpdateUserTest" time="0.817">
    <system-out><![CDATA[17:34:19.475 [main] DEBUG sk.sporixx.util.PasswordUtil -- Hashing password with BCrypt (cost=12)
17:34:19.748 [main] DEBUG sk.sporixx.util.PasswordUtil -- Hashing password with BCrypt (cost=12)
17:34:20.020 [main] DEBUG sk.sporixx.util.PasswordUtil -- Hashing password with BCrypt (cost=12)
]]></system-out>
  </testcase>
  <testcase name="updateUser_nonExistentId_throws" classname="sk.sporixx.service.AdminServiceUpdateUserTest" time="0.826">
    <system-out><![CDATA[17:34:20.292 [main] DEBUG sk.sporixx.util.PasswordUtil -- Hashing password with BCrypt (cost=12)
17:34:20.568 [main] DEBUG sk.sporixx.util.PasswordUtil -- Hashing password with BCrypt (cost=12)
17:34:20.844 [main] DEBUG sk.sporixx.util.PasswordUtil -- Hashing password with BCrypt (cost=12)
]]></system-out>
  </testcase>
  <testcase name="updateUser_emptyPasswordHash_keepsOldPassword" classname="sk.sporixx.service.AdminServiceUpdateUserTest" time="0.818">
    <system-out><![CDATA[17:34:21.118 [main] DEBUG sk.sporixx.util.PasswordUtil -- Hashing password with BCrypt (cost=12)
17:34:21.391 [main] DEBUG sk.sporixx.util.PasswordUtil -- Hashing password with BCrypt (cost=12)
17:34:21.663 [main] DEBUG sk.sporixx.util.PasswordUtil -- Hashing password with BCrypt (cost=12)
]]></system-out>
  </testcase>
  <testcase name="updateUser_duplicateEmail_throws" classname="sk.sporixx.service.AdminServiceUpdateUserTest" time="0.919">
    <system-out><![CDATA[17:34:21.936 [main] DEBUG sk.sporixx.util.PasswordUtil -- Hashing password with BCrypt (cost=12)
17:34:22.219 [main] DEBUG sk.sporixx.util.PasswordUtil -- Hashing password with BCrypt (cost=12)
17:34:22.515 [main] DEBUG sk.sporixx.util.PasswordUtil -- Hashing password with BCrypt (cost=12)
]]></system-out>
  </testcase>
  <testcase name="updateUser_emailWithoutTld_throws" classname="sk.sporixx.service.AdminServiceUpdateUserTest" time="0.843">
    <system-out><![CDATA[17:34:22.856 [main] DEBUG sk.sporixx.util.PasswordUtil -- Hashing password with BCrypt (cost=12)
17:34:23.153 [main] DEBUG sk.sporixx.util.PasswordUtil -- Hashing password with BCrypt (cost=12)
17:34:23.426 [main] DEBUG sk.sporixx.util.PasswordUtil -- Hashing password with BCrypt (cost=12)
]]></system-out>
  </testcase>
  <testcase name="updateUser_invalidEmail_throws" classname="sk.sporixx.service.AdminServiceUpdateUserTest" time="0.817">
    <system-out><![CDATA[17:34:23.699 [main] DEBUG sk.sporixx.util.PasswordUtil -- Hashing password with BCrypt (cost=12)
17:34:23.971 [main] DEBUG sk.sporixx.util.PasswordUtil -- Hashing password with BCrypt (cost=12)
17:34:24.243 [main] DEBUG sk.sporixx.util.PasswordUtil -- Hashing password with BCrypt (cost=12)
]]></system-out>
  </testcase>
  <testcase name="updateUser_blankLastName_throws" classname="sk.sporixx.service.AdminServiceUpdateUserTest" time="0.823">
    <system-out><![CDATA[17:34:24.517 [main] DEBUG sk.sporixx.util.PasswordUtil -- Hashing password with BCrypt (cost=12)
17:34:24.789 [main] DEBUG sk.sporixx.util.PasswordUtil -- Hashing password with BCrypt (cost=12)
17:34:25.064 [main] DEBUG sk.sporixx.util.PasswordUtil -- Hashing password with BCrypt (cost=12)
]]></system-out>
  </testcase>
  <testcase name="updateUser_normalizesEmail" classname="sk.sporixx.service.AdminServiceUpdateUserTest" time="0.82">
    <system-out><![CDATA[17:34:25.341 [main] DEBUG sk.sporixx.util.PasswordUtil -- Hashing password with BCrypt (cost=12)
17:34:25.614 [main] DEBUG sk.sporixx.util.PasswordUtil -- Hashing password with BCrypt (cost=12)
17:34:25.888 [main] DEBUG sk.sporixx.util.PasswordUtil -- Hashing password with BCrypt (cost=12)
]]></system-out>
  </testcase>
  <testcase name="updateUser_normalizesNames" classname="sk.sporixx.service.AdminServiceUpdateUserTest" time="0.821">
    <system-out><![CDATA[17:34:26.162 [main] DEBUG sk.sporixx.util.PasswordUtil -- Hashing password with BCrypt (cost=12)
17:34:26.434 [main] DEBUG sk.sporixx.util.PasswordUtil -- Hashing password with BCrypt (cost=12)
17:34:26.708 [main] DEBUG sk.sporixx.util.PasswordUtil -- Hashing password with BCrypt (cost=12)
]]></system-out>
  </testcase>
  <testcase name="updateUser_duplicateEmailCaseInsensitive_throws" classname="sk.sporixx.service.AdminServiceUpdateUserTest" time="0.825">
    <system-out><![CDATA[17:34:26.982 [main] DEBUG sk.sporixx.util.PasswordUtil -- Hashing password with BCrypt (cost=12)
17:34:27.258 [main] DEBUG sk.sporixx.util.PasswordUtil -- Hashing password with BCrypt (cost=12)
17:34:27.532 [main] DEBUG sk.sporixx.util.PasswordUtil -- Hashing password with BCrypt (cost=12)
]]></system-out>
  </testcase>
  <testcase name="updateUser_notAdmin_throws" classname="sk.sporixx.service.AdminServiceUpdateUserTest" time="0.821">
    <system-out><![CDATA[17:34:27.807 [main] DEBUG sk.sporixx.util.PasswordUtil -- Hashing password with BCrypt (cost=12)
17:34:28.081 [main] DEBUG sk.sporixx.util.PasswordUtil -- Hashing password with BCrypt (cost=12)
17:34:28.355 [main] DEBUG sk.sporixx.util.PasswordUtil -- Hashing password with BCrypt (cost=12)
]]></system-out>
  </testcase>
  <testcase name="updateUser_shortPassword_throws" classname="sk.sporixx.service.AdminServiceUpdateUserTest" time="0.823">
    <system-out><![CDATA[17:34:28.628 [main] DEBUG sk.sporixx.util.PasswordUtil -- Hashing password with BCrypt (cost=12)
17:34:28.902 [main] DEBUG sk.sporixx.util.PasswordUtil -- Hashing password with BCrypt (cost=12)
17:34:29.177 [main] DEBUG sk.sporixx.util.PasswordUtil -- Hashing password with BCrypt (cost=12)
]]></system-out>
  </testcase>
  <testcase name="updateUser_blankFirstName_throws" classname="sk.sporixx.service.AdminServiceUpdateUserTest" time="0.822">
    <system-out><![CDATA[17:34:29.451 [main] DEBUG sk.sporixx.util.PasswordUtil -- Hashing password with BCrypt (cost=12)
17:34:29.725 [main] DEBUG sk.sporixx.util.PasswordUtil -- Hashing password with BCrypt (cost=12)
17:34:29.998 [main] DEBUG sk.sporixx.util.PasswordUtil -- Hashing password with BCrypt (cost=12)
]]></system-out>
  </testcase>
  <testcase name="updateUser_normalizesGenderMale" classname="sk.sporixx.service.AdminServiceUpdateUserTest" time="0.822">
    <system-out><![CDATA[17:34:30.274 [main] DEBUG sk.sporixx.util.PasswordUtil -- Hashing password with BCrypt (cost=12)
17:34:30.548 [main] DEBUG sk.sporixx.util.PasswordUtil -- Hashing password with BCrypt (cost=12)
17:34:30.822 [main] DEBUG sk.sporixx.util.PasswordUtil -- Hashing password with BCrypt (cost=12)
]]></system-out>
  </testcase>
  <testcase name="updateUser_doesNotChangeRole" classname="sk.sporixx.service.AdminServiceUpdateUserTest" time="0.822">
    <system-out><![CDATA[17:34:31.095 [main] DEBUG sk.sporixx.util.PasswordUtil -- Hashing password with BCrypt (cost=12)
17:34:31.368 [main] DEBUG sk.sporixx.util.PasswordUtil -- Hashing password with BCrypt (cost=12)
17:34:31.642 [main] DEBUG sk.sporixx.util.PasswordUtil -- Hashing password with BCrypt (cost=12)
]]></system-out>
  </testcase>
  <testcase name="updateUser_sameEmailSameUser_ok" classname="sk.sporixx.service.AdminServiceUpdateUserTest" time="0.823">
    <system-out><![CDATA[17:34:31.918 [main] DEBUG sk.sporixx.util.PasswordUtil -- Hashing password with BCrypt (cost=12)
17:34:32.194 [main] DEBUG sk.sporixx.util.PasswordUtil -- Hashing password with BCrypt (cost=12)
17:34:32.466 [main] DEBUG sk.sporixx.util.PasswordUtil -- Hashing password with BCrypt (cost=12)
]]></system-out>
  </testcase>
  <testcase name="updateUser_validPasswordHash_isReHashed" classname="sk.sporixx.service.AdminServiceUpdateUserTest" time="1.645">
    <system-out><![CDATA[17:34:32.741 [main] DEBUG sk.sporixx.util.PasswordUtil -- Hashing password with BCrypt (cost=12)
17:34:33.015 [main] DEBUG sk.sporixx.util.PasswordUtil -- Hashing password with BCrypt (cost=12)
17:34:33.289 [main] DEBUG sk.sporixx.util.PasswordUtil -- Hashing password with BCrypt (cost=12)
17:34:33.563 [main] DEBUG sk.sporixx.util.PasswordUtil -- Hashing password with BCrypt (cost=12)
]]></system-out>
  </testcase>
  <testcase name="updateUser_updatesBasicFields" classname="sk.sporixx.service.AdminServiceUpdateUserTest" time="0.908">
    <system-out><![CDATA[17:34:34.387 [main] DEBUG sk.sporixx.util.PasswordUtil -- Hashing password with BCrypt (cost=12)
17:34:34.660 [main] DEBUG sk.sporixx.util.PasswordUtil -- Hashing password with BCrypt (cost=12)
17:34:34.935 [main] DEBUG sk.sporixx.util.PasswordUtil -- Hashing password with BCrypt (cost=12)
]]></system-out>
  </testcase>
  <testcase name="updateUser_firstNameWithDigits_throws" classname="sk.sporixx.service.AdminServiceUpdateUserTest" time="1.079">
    <system-out><![CDATA[17:34:35.298 [main] DEBUG sk.sporixx.util.PasswordUtil -- Hashing password with BCrypt (cost=12)
17:34:35.728 [main] DEBUG sk.sporixx.util.PasswordUtil -- Hashing password with BCrypt (cost=12)
17:34:36.074 [main] DEBUG sk.sporixx.util.PasswordUtil -- Hashing password with BCrypt (cost=12)
]]></system-out>
  </testcase>
</testsuite>