<?xml version="1.0" encoding="UTF-8"?>
<testsuite xmlns:xsi="http://www.w3.org/2001/XMLSchema-instance" xsi:noNamespaceSchemaLocation="https://maven.apache.org/surefire/maven-surefire-plugin/xsd/surefire-test-report-3.0.xsd" version="3.0" name="sk.sporixx.service.BudgetServiceCustomAllocationTest" time="0.004" tests="17" errors="0" skipped="0" failures="0">
  <properties>
[...]
</properties>
  <testcase name="noBudget_throwsSetupRequired" classname="sk.sporixx.service.BudgetServiceCustomAllocationTest" time="0.0">
    <system-out><![CDATA[11:34:02.045 [main] INFO sk.sporixx.service.BudgetServiceImpl -- Saving custom allocation: essential=100.0, emergency=100.0, savings=100.0, toInvest=100.0
]]></system-out>
  </testcase>
  <testcase name="warning_essentialBelowActual" classname="sk.sporixx.service.BudgetServiceCustomAllocationTest" time="0.0">
    <system-out><![CDATA[11:34:02.045 [main] INFO sk.sporixx.service.BudgetServiceImpl -- Saving budget setup: monthlyIncome=1000.0
11:34:02.045 [main] INFO sk.sporixx.service.BudgetServiceImpl -- Standard allocation applied
11:34:02.045 [main] INFO sk.sporixx.service.BudgetServiceImpl -- Budget setup saved — warning: NONE
11:34:02.045 [main] INFO sk.sporixx.service.BudgetServiceImpl -- Saving custom allocation: essential=50.0, emergency=100.0, savings=200.0, toInvest=300.0
11:34:02.045 [main] WARN sk.sporixx.service.BudgetServiceImpl -- Custom essential (50.0) < actual essential (100.0)
11:34:02.045 [main] INFO sk.sporixx.service.BudgetServiceImpl -- Custom allocation saved — warning: ESSENTIAL_BELOW_ACTUAL
]]></system-out>
  </testcase>
  <testcase name="warning_allocationStillPersisted" classname="sk.sporixx.service.BudgetServiceCustomAllocationTest" time="0.0">
    <system-out><![CDATA[11:34:02.045 [main] INFO sk.sporixx.service.BudgetServiceImpl -- Saving budget setup: monthlyIncome=1000.0
11:34:02.045 [main] INFO sk.sporixx.service.BudgetServiceImpl -- Standard allocation applied
11:34:02.045 [main] INFO sk.sporixx.service.BudgetServiceImpl -- Budget setup saved — warning: NONE
11:34:02.045 [main] INFO sk.sporixx.service.BudgetServiceImpl -- Saving custom allocation: essential=50.0, emergency=100.0, savings=200.0, toInvest=300.0
11:34:02.045 [main] WARN sk.sporixx.service.BudgetServiceImpl -- Custom essential (50.0) < actual essential (100.0)
11:34:02.045 [main] INFO sk.sporixx.service.BudgetServiceImpl -- Custom allocation saved — warning: ESSENTIAL_BELOW_ACTUAL
]]></system-out>
  </testcase>
  <testcase name="negativeToInvest_throws" classname="sk.sporixx.service.BudgetServiceCustomAllocationTest" time="0.001">
    <system-out><![CDATA[11:34:02.045 [main] INFO sk.sporixx.service.BudgetServiceImpl -- Saving budget setup: monthlyIncome=1000.0
11:34:02.045 [main] INFO sk.sporixx.service.BudgetServiceImpl -- Standard allocation applied
11:34:02.045 [main] INFO sk.sporixx.service.BudgetServiceImpl -- Budget setup saved — warning: NONE
11:34:02.046 [main] INFO sk.sporixx.service.BudgetServiceImpl -- Saving custom allocation: essential=100.0, emergency=100.0, savings=100.0, toInvest=-1.0
]]></system-out>
  </testcase>
  <testcase name="noWarning_essentialMatchesActual" classname="sk.sporixx.service.BudgetServiceCustomAllocationTest" time="0.0">
    <system-out><![CDATA[11:34:02.046 [main] INFO sk.sporixx.service.BudgetServiceImpl -- Saving budget setup: monthlyIncome=1000.0
11:34:02.046 [main] INFO sk.sporixx.service.BudgetServiceImpl -- Standard allocation applied
11:34:02.046 [main] INFO sk.sporixx.service.BudgetServiceImpl -- Budget setup saved — warning: NONE
11:34:02.046 [main] INFO sk.sporixx.service.BudgetServiceImpl -- Saving custom allocation: essential=150.0, emergency=100.0, savings=200.0, toInvest=300.0
11:34:02.046 [main] INFO sk.sporixx.service.BudgetServiceImpl -- Custom allocation saved — warning: NONE
]]></system-out>
  </testcase>
  <testcase name="totalExceedsIncome_throws" classname="sk.sporixx.service.BudgetServiceCustomAllocationTest" time="0.0">
    <system-out><![CDATA[11:34:02.046 [main] INFO sk.sporixx.service.BudgetServiceImpl -- Saving budget setup: monthlyIncome=1000.0
11:34:02.046 [main] INFO sk.sporixx.service.BudgetServiceImpl -- Standard allocation applied
11:34:02.046 [main] INFO sk.sporixx.service.BudgetServiceImpl -- Budget setup saved — warning: NONE
11:34:02.046 [main] INFO sk.sporixx.service.BudgetServiceImpl -- Saving custom allocation: essential=400.0, emergency=300.0, savings=200.0, toInvest=200.0
]]></system-out>
  </testcase>
  <testcase name="noWarning_essentialEqualsActual" classname="sk.sporixx.service.BudgetServiceCustomAllocationTest" time="0.001">
    <system-out><![CDATA[11:34:02.046 [main] INFO sk.sporixx.service.BudgetServiceImpl -- Saving budget setup: monthlyIncome=1000.0
11:34:02.046 [main] INFO sk.sporixx.service.BudgetServiceImpl -- Standard allocation applied
11:34:02.046 [main] INFO sk.sporixx.service.BudgetServiceImpl -- Budget setup saved — warning: NONE
11:34:02.046 [main] INFO sk.sporixx.service.BudgetServiceImpl -- Saving custom allocation: essential=100.0, emergency=100.0, savings=200.0, toInvest=300.0
11:34:02.046 [main] INFO sk.sporixx.service.BudgetServiceImpl -- Custom allocation saved — warning: NONE
]]></system-out>
  </testcase>
  <testcase name="funMoney_isCalculatedAsRemainder" classname="sk.sporixx.service.BudgetServiceCustomAllocationTest" time="0.0">
    <system-out><![CDATA[11:34:02.047 [main] INFO sk.sporixx.service.BudgetServiceImpl -- Saving budget setup: monthlyIncome=1000.0
11:34:02.047 [main] INFO sk.sporixx.service.BudgetServiceImpl -- Standard allocation applied
11:34:02.047 [main] INFO sk.sporixx.service.BudgetServiceImpl -- Budget setup saved — warning: NONE
11:34:02.047 [main] INFO sk.sporixx.service.BudgetServiceImpl -- Saving custom allocation: essential=200.0, emergency=100.0, savings=200.0, toInvest=300.0
11:34:02.047 [main] INFO sk.sporixx.service.BudgetServiceImpl -- Custom allocation saved — warning: NONE
]]></system-out>
  </testcase>
  <testcase name="customAlloc_overridesAllocationFields" classname="sk.sporixx.service.BudgetServiceCustomAllocationTest" time="0.0">
    <system-out><![CDATA[11:34:02.047 [main] INFO sk.sporixx.service.BudgetServiceImpl -- Saving budget setup: monthlyIncome=1000.0
11:34:02.047 [main] INFO sk.sporixx.service.BudgetServiceImpl -- Standard allocation applied
11:34:02.047 [main] INFO sk.sporixx.service.BudgetServiceImpl -- Budget setup saved — warning: NONE
11:34:02.047 [main] INFO sk.sporixx.service.BudgetServiceImpl -- Saving custom allocation: essential=500.0, emergency=200.0, savings=100.0, toInvest=50.0
11:34:02.047 [main] INFO sk.sporixx.service.BudgetServiceImpl -- Custom allocation saved — warning: NONE
]]></system-out>
  </testcase>
  <testcase name="customAlloc_doesNotChangeIncomeOrLimits" classname="sk.sporixx.service.BudgetServiceCustomAllocationTest" time="0.0">
    <system-out><![CDATA[11:34:02.047 [main] INFO sk.sporixx.service.BudgetServiceImpl -- Saving budget setup: monthlyIncome=1000.0
11:34:02.047 [main] INFO sk.sporixx.service.BudgetServiceImpl -- Standard allocation applied
11:34:02.047 [main] INFO sk.sporixx.service.BudgetServiceImpl -- Budget setup saved — warning: NONE
11:34:02.047 [main] INFO sk.sporixx.service.BudgetServiceImpl -- Saving custom allocation: essential=500.0, emergency=200.0, savings=100.0, toInvest=50.0
11:34:02.047 [main] INFO sk.sporixx.service.BudgetServiceImpl -- Custom allocation saved — warning: NONE
]]></system-out>
  </testcase>
  <testcase name="multipleCustomAllocations_lastWins" classname="sk.sporixx.service.BudgetServiceCustomAllocationTest" time="0.0">
    <system-out><![CDATA[11:34:02.047 [main] INFO sk.sporixx.service.BudgetServiceImpl -- Saving budget setup: monthlyIncome=1000.0
11:34:02.047 [main] INFO sk.sporixx.service.BudgetServiceImpl -- Standard allocation applied
11:34:02.047 [main] INFO sk.sporixx.service.BudgetServiceImpl -- Budget setup saved — warning: NONE
11:34:02.047 [main] INFO sk.sporixx.service.BudgetServiceImpl -- Saving custom allocation: essential=200.0, emergency=100.0, savings=100.0, toInvest=100.0
11:34:02.047 [main] INFO sk.sporixx.service.BudgetServiceImpl -- Custom allocation saved — warning: NONE
11:34:02.047 [main] INFO sk.sporixx.service.BudgetServiceImpl -- Saving custom allocation: essential=300.0, emergency=200.0, savings=150.0, toInvest=50.0
11:34:02.047 [main] INFO sk.sporixx.service.BudgetServiceImpl -- Custom allocation saved — warning: NONE
]]></system-out>
  </testcase>
  <testcase name="allZero_funMoneyEqualsIncome" classname="sk.sporixx.service.BudgetServiceCustomAllocationTest" time="0.0">
    <system-out><![CDATA[11:34:02.047 [main] INFO sk.sporixx.service.BudgetServiceImpl -- Saving budget setup: monthlyIncome=1000.0
11:34:02.047 [main] INFO sk.sporixx.service.BudgetServiceImpl -- Standard allocation applied
11:34:02.047 [main] INFO sk.sporixx.service.BudgetServiceImpl -- Budget setup saved — warning: NONE
11:34:02.047 [main] INFO sk.sporixx.service.BudgetServiceImpl -- Saving custom allocation: essential=0.0, emergency=0.0, savings=0.0, toInvest=0.0
11:34:02.047 [main] WARN sk.sporixx.service.BudgetServiceImpl -- Custom essential (0.0) < actual essential (100.0)
11:34:02.047 [main] INFO sk.sporixx.service.BudgetServiceImpl -- Custom allocation saved — warning: ESSENTIAL_BELOW_ACTUAL
]]></system-out>
  </testcase>
  <testcase name="customAlloc_doesNotChangeSetupFields" classname="sk.sporixx.service.BudgetServiceCustomAllocationTest" time="0.001">
    <system-out><![CDATA[11:34:02.048 [main] INFO sk.sporixx.service.BudgetServiceImpl -- Saving budget setup: monthlyIncome=1000.0
11:34:02.048 [main] INFO sk.sporixx.service.BudgetServiceImpl -- Standard allocation applied
11:34:02.048 [main] INFO sk.sporixx.service.BudgetServiceImpl -- Budget setup saved — warning: NONE
11:34:02.048 [main] INFO sk.sporixx.service.BudgetServiceImpl -- Saving custom allocation: essential=500.0, emergency=200.0, savings=100.0, toInvest=50.0
11:34:02.048 [main] INFO sk.sporixx.service.BudgetServiceImpl -- Custom allocation saved — warning: NONE
]]></system-out>
  </testcase>
  <testcase name="negativeEmergency_throws" classname="sk.sporixx.service.BudgetServiceCustomAllocationTest" time="0.0">
    <system-out><![CDATA[11:34:02.048 [main] INFO sk.sporixx.service.BudgetServiceImpl -- Saving budget setup: monthlyIncome=1000.0
11:34:02.048 [main] INFO sk.sporixx.service.BudgetServiceImpl -- Standard allocation applied
11:34:02.048 [main] INFO sk.sporixx.service.BudgetServiceImpl -- Budget setup saved — warning: NONE
11:34:02.048 [main] INFO sk.sporixx.service.BudgetServiceImpl -- Saving custom allocation: essential=100.0, emergency=-1.0, savings=100.0, toInvest=100.0
]]></system-out>
  </testcase>
  <testcase name="negativeEssential_throws" classname="sk.sporixx.service.BudgetServiceCustomAllocationTest" time="0.0">
    <system-out><![CDATA[11:34:02.048 [main] INFO sk.sporixx.service.BudgetServiceImpl -- Saving budget setup: monthlyIncome=1000.0
11:34:02.048 [main] INFO sk.sporixx.service.BudgetServiceImpl -- Standard allocation applied
11:34:02.048 [main] INFO sk.sporixx.service.BudgetServiceImpl -- Budget setup saved — warning: NONE
11:34:02.048 [main] INFO sk.sporixx.service.BudgetServiceImpl -- Saving custom allocation: essential=-1.0, emergency=100.0, savings=100.0, toInvest=100.0
]]></system-out>
  </testcase>
  <testcase name="negativeSavings_throws" classname="sk.sporixx.service.BudgetServiceCustomAllocationTest" time="0.001">
    <system-out><![CDATA[11:34:02.048 [main] INFO sk.sporixx.service.BudgetServiceImpl -- Saving budget setup: monthlyIncome=1000.0
11:34:02.048 [main] INFO sk.sporixx.service.BudgetServiceImpl -- Standard allocation applied
11:34:02.048 [main] INFO sk.sporixx.service.BudgetServiceImpl -- Budget setup saved — warning: NONE
11:34:02.049 [main] INFO sk.sporixx.service.BudgetServiceImpl -- Saving custom allocation: essential=100.0, emergency=100.0, savings=-1.0, toInvest=100.0
]]></system-out>
  </testcase>
  <testcase name="totalEqualsIncome_ok" classname="sk.sporixx.service.BudgetServiceCustomAllocationTest" time="0.0">
    <system-out><![CDATA[11:34:02.049 [main] INFO sk.sporixx.service.BudgetServiceImpl -- Saving budget setup: monthlyIncome=1000.0
11:34:02.049 [main] INFO sk.sporixx.service.BudgetServiceImpl -- Standard allocation applied
11:34:02.049 [main] INFO sk.sporixx.service.BudgetServiceImpl -- Budget setup saved — warning: NONE
11:34:02.049 [main] INFO sk.sporixx.service.BudgetServiceImpl -- Saving custom allocation: essential=400.0, emergency=300.0, savings=200.0, toInvest=100.0
11:34:02.049 [main] INFO sk.sporixx.service.BudgetServiceImpl -- Custom allocation saved — warning: NONE
]]></system-out>
  </testcase>
</testsuite>